/videos/39c15f0f-54a9-63a1-5cb4-d53d74b6168f/hls1/main/50.ts

{"Protocol":0,"Id":"39c15f0f54a963a15cb4d53d74b6168f","Path":"/media/Seven [1080p] MULTi 1995 BluRay x264-Pop (Se7en) .mkv","EncoderPath":null,"EncoderProtocol":null,"Type":0,"Container":"mkv,webm","Size":2736675072,"Name":"Seven [1080p] MULTi 1995 BluRay x264-Pop (Se7en) ","IsRemote":false,"ETag":"566b4b688c67a0d71248842a6e0f45ad","RunTimeTicks":76112478208,"ReadAtNativeFramerate":false,"IgnoreDts":false,"IgnoreIndex":false,"GenPtsInput":false,"SupportsTranscoding":true,"SupportsDirectStream":true,"SupportsDirectPlay":true,"IsInfiniteStream":false,"RequiresOpening":false,"OpenToken":null,"RequiresClosing":false,"LiveStreamId":null,"BufferMs":null,"RequiresLooping":false,"SupportsProbing":true,"VideoType":0,"IsoType":null,"Video3DFormat":null,"MediaStreams":[{"Codec":"subrip","CodecTag":null,"Language":"fre","ColorRange":null,"ColorSpace":null,"ColorTransfer":null,"ColorPrimaries":null,"DvVersionMajor":null,"DvVersionMinor":null,"DvProfile":null,"DvLevel":null,"RpuPresentFlag":null,"ElPresentFlag":null,"BlPresentFlag":null,"DvBlSignalCompatibilityId":null,"Comment":null,"TimeBase":"1/1000","CodecTimeBase":null,"Title":"complet","VideoRange":null,"VideoRangeType":null,"VideoDoViTitle":null,"LocalizedUndefined":"Non d\u00E9fini","LocalizedDefault":"Par d\u00E9faut","LocalizedForced":"Forc\u00E9","LocalizedExternal":"External","DisplayTitle":"complet - Fre - SUBRIP","NalLengthSize":null,"IsInterlaced":false,"IsAVC":null,"ChannelLayout":null,"BitRate":null,"BitDepth":null,"RefFrames":null,"PacketLength":null,"Channels":null,"SampleRate":null,"IsDefault":false,"IsForced":false,"Height":null,"Width":null,"AverageFrameRate":null,"RealFrameRate":null,"Profile":null,"Type":2,"AspectRatio":null,"Index":0,"Score":null,"IsExternal":false,"DeliveryMethod":null,"DeliveryUrl":null,"IsExternalUrl":null,"IsTextSubtitleStream":true,"SupportsExternalStream":true,"Path":null,"PixelFormat":null,"Level":0,"IsAnamorphic":null},{"Codec":"ac3","CodecTag":null,"Language":"fre","ColorRange":null,"ColorSpace":null,"ColorTransfer":null,"ColorPrimaries":null,"DvVersionMajor":null,"DvVersionMinor":null,"DvProfile":null,"DvLevel":null,"RpuPresentFlag":null,"ElPresentFlag":null,"BlPresentFlag":null,"DvBlSignalCompatibilityId":null,"Comment":null,"TimeBase":"1/1000","CodecTimeBase":null,"Title":"AC3 VFF 5.1","VideoRange":null,"VideoRangeType":null,"VideoDoViTitle":null,"LocalizedUndefined":null,"LocalizedDefault":null,"LocalizedForced":null,"LocalizedExternal":null,"DisplayTitle":"AC3 VFF 5.1 - Fre - Dolby Digital - Default","NalLengthSize":null,"IsInterlaced":false,"IsAVC":null,"ChannelLayout":"5.1","BitRate":384000,"BitDepth":null,"RefFrames":null,"PacketLength":null,"Channels":6,"SampleRate":48000,"IsDefault":true,"IsForced":false,"Height":null,"Width":null,"AverageFrameRate":null,"RealFrameRate":null,"Profile":null,"Type":0,"AspectRatio":null,"Index":1,"Score":null,"IsExternal":false,"DeliveryMethod":null,"DeliveryUrl":null,"IsExternalUrl":null,"IsTextSubtitleStream":false,"SupportsExternalStream":false,"Path":null,"PixelFormat":null,"Level":0,"IsAnamorphic":null},{"Codec":"ac3","CodecTag":null,"Language":null,"ColorRange":null,"ColorSpace":null,"ColorTransfer":null,"ColorPrimaries":null,"DvVersionMajor":null,"DvVersionMinor":null,"DvProfile":null,"DvLevel":null,"RpuPresentFlag":null,"ElPresentFlag":null,"BlPresentFlag":null,"DvBlSignalCompatibilityId":null,"Comment":null,"TimeBase":"1/1000","CodecTimeBase":null,"Title":"VFQ AC3 2.0","VideoRange":null,"VideoRangeType":null,"VideoDoViTitle":null,"LocalizedUndefined":null,"LocalizedDefault":null,"LocalizedForced":null,"LocalizedExternal":null,"DisplayTitle":"VFQ AC3 2.0 - Dolby Digital - Stereo","NalLengthSize":null,"IsInterlaced":false,"IsAVC":null,"ChannelLayout":"stereo","BitRate":192000,"BitDepth":null,"RefFrames":null,"PacketLength":null,"Channels":2,"SampleRate":48000,"IsDefault":false,"IsForced":false,"Height":null,"Width":null,"AverageFrameRate":null,"RealFrameRate":null,"Profile":null,"Type":0,"AspectRatio":null,"Index":2,"Score":null,"IsExternal":false,"DeliveryMethod":null,"DeliveryUrl":null,"IsExternalUrl":null,"IsTextSubtitleStream":false,"SupportsExternalStream":false,"Path":null,"PixelFormat":null,"Level":0,"IsAnamorphic":null},{"Codec":"h264","CodecTag":null,"Language":"fre","ColorRange":null,"ColorSpace":"bt709","ColorTransfer":"bt709","ColorPrimaries":"bt709","DvVersionMajor":null,"DvVersionMinor":null,"DvProfile":null,"DvLevel":null,"RpuPresentFlag":null,"ElPresentFlag":null,"BlPresentFlag":null,"DvBlSignalCompatibilityId":null,"Comment":null,"TimeBase":"1/1000","CodecTimeBase":null,"Title":null,"VideoRange":"SDR","VideoRangeType":"SDR","VideoDoViTitle":null,"LocalizedUndefined":null,"LocalizedDefault":null,"LocalizedForced":null,"LocalizedExternal":null,"DisplayTitle":"1080p H264 SDR","NalLengthSize":"4","IsInterlaced":false,"IsAVC":true,"ChannelLayout":null,"BitRate":2876453,"BitDepth":8,"RefFrames":1,"PacketLength":null,"Channels":null,"SampleRate":null,"IsDefault":true,"IsForced":false,"Height":800,"Width":1920,"AverageFrameRate":23.976025,"RealFrameRate":23.976025,"Profile":"High","Type":1,"AspectRatio":"2.40:1","Index":3,"Score":null,"IsExternal":false,"DeliveryMethod":null,"DeliveryUrl":null,"IsExternalUrl":null,"IsTextSubtitleStream":false,"SupportsExternalStream":false,"Path":null,"PixelFormat":"yuv420p","Level":41,"IsAnamorphic":null},{"Codec":"ac3","CodecTag":null,"Language":"eng","ColorRange":null,"ColorSpace":null,"ColorTransfer":null,"ColorPrimaries":null,"DvVersionMajor":null,"DvVersionMinor":null,"DvProfile":null,"DvLevel":null,"RpuPresentFlag":null,"ElPresentFlag":null,"BlPresentFlag":null,"DvBlSignalCompatibilityId":null,"Comment":null,"TimeBase":"1/1000","CodecTimeBase":null,"Title":"AC3 5.1","VideoRange":null,"VideoRangeType":null,"VideoDoViTitle":null,"LocalizedUndefined":null,"LocalizedDefault":null,"LocalizedForced":null,"LocalizedExternal":null,"DisplayTitle":"AC3 5.1 - Eng - Dolby Digital","NalLengthSize":null,"IsInterlaced":false,"IsAVC":null,"ChannelLayout":"5.1","BitRate":256000,"BitDepth":null,"RefFrames":null,"PacketLength":null,"Channels":6,"SampleRate":48000,"IsDefault":false,"IsForced":false,"Height":null,"Width":null,"AverageFrameRate":null,"RealFrameRate":null,"Profile":null,"Type":0,"AspectRatio":null,"Index":4,"Score":null,"IsExternal":false,"DeliveryMethod":null,"DeliveryUrl":null,"IsExternalUrl":null,"IsTextSubtitleStream":false,"SupportsExternalStream":false,"Path":null,"PixelFormat":null,"Level":0,"IsAnamorphic":null},{"Codec":"subrip","CodecTag":null,"Language":"eng","ColorRange":null,"ColorSpace":null,"ColorTransfer":null,"ColorPrimaries":null,"DvVersionMajor":null,"DvVersionMinor":null,"DvProfile":null,"DvLevel":null,"RpuPresentFlag":null,"ElPresentFlag":null,"BlPresentFlag":null,"DvBlSignalCompatibilityId":null,"Comment":null,"TimeBase":"1/1000","CodecTimeBase":null,"Title":"complet","VideoRange":null,"VideoRangeType":null,"VideoDoViTitle":null,"LocalizedUndefined":"Non d\u00E9fini","LocalizedDefault":"Par d\u00E9faut","LocalizedForced":"Forc\u00E9","LocalizedExternal":"External","DisplayTitle":"complet - Eng - SUBRIP","NalLengthSize":null,"IsInterlaced":false,"IsAVC":null,"ChannelLayout":null,"BitRate":null,"BitDepth":null,"RefFrames":null,"PacketLength":null,"Channels":null,"SampleRate":null,"IsDefault":false,"IsForced":false,"Height":null,"Width":null,"AverageFrameRate":null,"RealFrameRate":null,"Profile":null,"Type":2,"AspectRatio":null,"Index":5,"Score":null,"IsExternal":false,"DeliveryMethod":null,"DeliveryUrl":null,"IsExternalUrl":null,"IsTextSubtitleStream":true,"SupportsExternalStream":true,"Path":null,"PixelFormat":null,"Level":0,"IsAnamorphic":null}],"MediaAttachments":[],"Formats":[],"Bitrate":3708453,"Timestamp":null,"RequiredHttpHeaders":{},"TranscodingUrl":null,"TranscodingSubProtocol":null,"TranscodingContainer":null,"AnalyzeDurationMs":null,"DefaultAudioStreamIndex":null,"DefaultSubtitleStreamIndex":null}

/usr/lib/jellyfin-ffmpeg/ffmpeg -analyzeduration 200M -ss 00:05:04.929 -fflags +genpts -f matroska,webm  -i file:"/media/Seven [1080p] MULTi 1995 BluRay x264-Pop (Se7en) .mkv" -map_metadata -1 -map_chapters -1 -threads 0 -map 0:3 -map 0:1 -map -0:s -codec:v:0 copy -bsf:v h264_mp4toannexb -start_at_zero -codec:a:0 libfdk_aac -ac 2 -ab 384000 -af "volume=2" -copyts -avoid_negative_ts disabled -max_muxing_queue_size 2048 -f hls -max_delay 5000000 -hls_time 6 -hls_segment_type mpegts -start_number 50 -hls_segment_filename "/config/transcodes/226450a95d44d3ae17cf2822d9d97ef3%d.ts" -hls_playlist_type vod -hls_list_size 0 -y "/config/transcodes/226450a95d44d3ae17cf2822d9d97ef3.m3u8"


ffmpeg version 5.1.3-Jellyfin Copyright (c) 2000-2022 the FFmpeg developers
  built with gcc 10 (Debian 10.2.1-6)
  configuration: --prefix=/usr/lib/jellyfin-ffmpeg --target-os=linux --extra-libs=-lfftw3f --extra-version=Jellyfin --disable-doc --disable-ffplay --disable-ptx-compression --disable-static --disable-libxcb --disable-sdl2 --disable-xlib --enable-lto --enable-gpl --enable-version3 --enable-shared --enable-gmp --enable-gnutls --enable-chromaprint --enable-libdrm --enable-libass --enable-libfreetype --enable-libfribidi --enable-libfontconfig --enable-libbluray --enable-libmp3lame --enable-libopus --enable-libtheora --enable-libvorbis --enable-libopenmpt --enable-libdav1d --enable-libwebp --enable-libvpx --enable-libx264 --enable-libx265 --enable-libzvbi --enable-libzimg --enable-libfdk-aac --arch=amd64 --enable-libsvtav1 --enable-libshaderc --enable-libplacebo --enable-vulkan --enable-opencl --enable-vaapi --enable-amf --enable-libmfx --enable-ffnvcodec --enable-cuda --enable-cuda-llvm --enable-cuvid --enable-nvdec --enable-nvenc
  libavutil      57. 28.100 / 57. 28.100
  libavcodec     59. 37.100 / 59. 37.100
  libavformat    59. 27.100 / 59. 27.100
  libavdevice    59.  7.100 / 59.  7.100
  libavfilter     8. 44.100 /  8. 44.100
  libswscale      6.  7.100 /  6.  7.100
  libswresample   4.  7.100 /  4.  7.100
  libpostproc    56.  6.100 / 56.  6.100
Input #0, matroska,webm, from 'file:/media/Seven [1080p] MULTi 1995 BluRay x264-Pop (Se7en) .mkv':
  Metadata:
    encoder         : libebml v1.3.0 + libmatroska v1.4.0
    creation_time   : 2014-01-28T16:26:08.000000Z
  Duration: 02:06:51.25, start: 0.000000, bitrate: 2876 kb/s
  Stream #0:0(fre): Subtitle: subrip
    Metadata:
      title           : complet
  Stream #0:1(fre): Audio: ac3, 48000 Hz, 5.1(side), fltp, 384 kb/s (default)
    Metadata:
      title           : AC3 VFF 5.1
  Stream #0:2: Audio: ac3, 48000 Hz, stereo, fltp, 192 kb/s
    Metadata:
      title           : VFQ AC3 2.0
  Stream #0:3(fre): Video: h264 (High), yuv420p(tv, bt709, progressive), 1920x800 [SAR 1:1 DAR 12:5], 23.98 fps, 23.98 tbr, 1k tbn (default)
  Stream #0:4(eng): Audio: ac3, 48000 Hz, 5.1(side), fltp, 256 kb/s
    Metadata:
      title           : AC3 5.1
  Stream #0:5(eng): Subtitle: subrip
    Metadata:
      title           : complet
Stream mapping:
  Stream #0:3 -> #0:0 (copy)
  Stream #0:1 -> #0:1 (ac3 (native) -> aac (libfdk_aac))
Press [q] to stop, [?] for help
Output #0, hls, to '/config/transcodes/226450a95d44d3ae17cf2822d9d97ef3.m3u8':
  Metadata:
    encoder         : Lavf59.27.100
  Stream #0:0: Video: h264 (High), yuv420p(tv, bt709, progressive), 1920x800 [SAR 1:1 DAR 12:5], q=2-31, 23.98 fps, 23.98 tbr, 90k tbn (default)
  Stream #0:1: Audio: aac, 48000 Hz, stereo, s16, 384 kb/s (default)
    Metadata:
      encoder         : Lavc59.37.100 libfdk_aac
frame=    1 fps=0.0 q=-1.0 size=N/A time=-00:05:01.55 bitrate=N/A speed=N/A    
[hls @ 0x56122b40da00] Opening '/config/transcodes/226450a95d44d3ae17cf2822d9d97ef350.ts' for writing
[hls @ 0x56122b40da00] Opening '/config/transcodes/226450a95d44d3ae17cf2822d9d97ef351.ts' for writing
[hls @ 0x56122b40da00] Opening '/config/transcodes/226450a95d44d3ae17cf2822d9d97ef352.ts' for writing
frame=  529 fps=0.0 q=-1.0 size=N/A time=00:00:22.34 bitrate=N/A speed=44.6x    
[hls @ 0x56122b40da00] Opening '/config/transcodes/226450a95d44d3ae17cf2822d9d97ef353.ts' for writing
[hls @ 0x56122b40da00] Opening '/config/transcodes/226450a95d44d3ae17cf2822d9d97ef354.ts' for writing
[hls @ 0x56122b40da00] Opening '/config/transcodes/226450a95d44d3ae17cf2822d9d97ef355.ts' for writing
[hls @ 0x56122b40da00] Opening '/config/transcodes/226450a95d44d3ae17cf2822d9d97ef356.ts' for writing
frame= 1112 fps=1110 q=-1.0 size=N/A time=00:00:46.61 bitrate=N/A speed=46.6x    
[hls @ 0x56122b40da00] Opening '/config/transcodes/226450a95d44d3ae17cf2822d9d97ef357.ts' for writing
[hls @ 0x56122b40da00] Opening '/config/transcodes/226450a95d44d3ae17cf2822d9d97ef358.ts' for writing
[hls @ 0x56122b40da00] Opening '/config/transcodes/226450a95d44d3ae17cf2822d9d97ef359.ts' for writing
[hls @ 0x56122b40da00] Opening '/config/transcodes/226450a95d44d3ae17cf2822d9d97ef360.ts' for writing
frame= 1713 fps=1141 q=-1.0 size=N/A time=00:01:11.68 bitrate=N/A speed=47.7x    
[hls @ 0x56122b40da00] Opening '/config/transcodes/226450a95d44d3ae17cf2822d9d97ef361.ts' for writing
[hls @ 0x56122b40da00] Opening '/config/transcodes/226450a95d44d3ae17cf2822d9d97ef362.ts' for writing
[hls @ 0x56122b40da00] Opening '/config/transcodes/226450a95d44d3ae17cf2822d9d97ef363.ts' for writing
frame= 2301 fps=1149 q=-1.0 size=N/A time=00:01:36.19 bitrate=N/A speed=  48x    
[hls @ 0x56122b40da00] Opening '/config/transcodes/226450a95d44d3ae17cf2822d9d97ef364.ts' for writing
[hls @ 0x56122b40da00] Opening '/config/transcodes/226450a95d44d3ae17cf2822d9d97ef365.ts' for writing
[hls @ 0x56122b40da00] Opening '/config/transcodes/226450a95d44d3ae17cf2822d9d97ef366.ts' for writing
frame= 2955 fps=1181 q=-1.0 size=N/A time=00:02:03.35 bitrate=N/A speed=49.3x    
[hls @ 0x56122b40da00] Opening '/config/transcodes/226450a95d44d3ae17cf2822d9d97ef367.ts' for writing
[hls @ 0x56122b40da00] Opening '/config/transcodes/226450a95d44d3ae17cf2822d9d97ef368.ts' for writing
[hls @ 0x56122b40da00] Opening '/config/transcodes/226450a95d44d3ae17cf2822d9d97ef369.ts' for writing
frame= 3577 fps=1191 q=-1.0 size=N/A time=00:02:29.38 bitrate=N/A speed=49.7x    
[hls @ 0x56122b40da00] Opening '/config/transcodes/226450a95d44d3ae17cf2822d9d97ef370.ts' for writing
[hls @ 0x56122b40da00] Opening '/config/transcodes/226450a95d44d3ae17cf2822d9d97ef371.ts' for writing


[q] command received. Exiting.

[hls @ 0x56122b40da00] Opening '/config/transcodes/226450a95d44d3ae17cf2822d9d97ef372.ts' for writing
frame= 3841 fps=1193 q=-1.0 Lsize=N/A time=00:02:40.49 bitrate=N/A speed=49.9x    
video:41904kB audio:7367kB subtitle:0kB other streams:0kB global headers:0kB muxing overhead: unknown