/videos/39c15f0f-54a9-63a1-5cb4-d53d74b6168f/hls1/main/654.ts

{"Protocol":0,"Id":"39c15f0f54a963a15cb4d53d74b6168f","Path":"/media/Seven [1080p] MULTi 1995 BluRay x264-Pop (Se7en) .mkv","EncoderPath":null,"EncoderProtocol":null,"Type":0,"Container":"mkv,webm","Size":2736675072,"Name":"Seven [1080p] MULTi 1995 BluRay x264-Pop (Se7en) ","IsRemote":false,"ETag":"566b4b688c67a0d71248842a6e0f45ad","RunTimeTicks":76112478208,"ReadAtNativeFramerate":false,"IgnoreDts":false,"IgnoreIndex":false,"GenPtsInput":false,"SupportsTranscoding":true,"SupportsDirectStream":true,"SupportsDirectPlay":true,"IsInfiniteStream":false,"RequiresOpening":false,"OpenToken":null,"RequiresClosing":false,"LiveStreamId":null,"BufferMs":null,"RequiresLooping":false,"SupportsProbing":true,"VideoType":0,"IsoType":null,"Video3DFormat":null,"MediaStreams":[{"Codec":"subrip","CodecTag":null,"Language":"fre","ColorRange":null,"ColorSpace":null,"ColorTransfer":null,"ColorPrimaries":null,"DvVersionMajor":null,"DvVersionMinor":null,"DvProfile":null,"DvLevel":null,"RpuPresentFlag":null,"ElPresentFlag":null,"BlPresentFlag":null,"DvBlSignalCompatibilityId":null,"Comment":null,"TimeBase":"1/1000","CodecTimeBase":null,"Title":"complet","VideoRange":null,"VideoRangeType":null,"VideoDoViTitle":null,"LocalizedUndefined":"Non d\u00E9fini","LocalizedDefault":"Par d\u00E9faut","LocalizedForced":"Forc\u00E9","LocalizedExternal":"External","DisplayTitle":"complet - Fre - SUBRIP","NalLengthSize":null,"IsInterlaced":false,"IsAVC":null,"ChannelLayout":null,"BitRate":null,"BitDepth":null,"RefFrames":null,"PacketLength":null,"Channels":null,"SampleRate":null,"IsDefault":false,"IsForced":false,"Height":null,"Width":null,"AverageFrameRate":null,"RealFrameRate":null,"Profile":null,"Type":2,"AspectRatio":null,"Index":0,"Score":null,"IsExternal":false,"DeliveryMethod":null,"DeliveryUrl":null,"IsExternalUrl":null,"IsTextSubtitleStream":true,"SupportsExternalStream":true,"Path":null,"PixelFormat":null,"Level":0,"IsAnamorphic":null},{"Codec":"ac3","CodecTag":null,"Language":"fre","ColorRange":null,"ColorSpace":null,"ColorTransfer":null,"ColorPrimaries":null,"DvVersionMajor":null,"DvVersionMinor":null,"DvProfile":null,"DvLevel":null,"RpuPresentFlag":null,"ElPresentFlag":null,"BlPresentFlag":null,"DvBlSignalCompatibilityId":null,"Comment":null,"TimeBase":"1/1000","CodecTimeBase":null,"Title":"AC3 VFF 5.1","VideoRange":null,"VideoRangeType":null,"VideoDoViTitle":null,"LocalizedUndefined":null,"LocalizedDefault":null,"LocalizedForced":null,"LocalizedExternal":null,"DisplayTitle":"AC3 VFF 5.1 - Fre - Dolby Digital - Default","NalLengthSize":null,"IsInterlaced":false,"IsAVC":null,"ChannelLayout":"5.1","BitRate":384000,"BitDepth":null,"RefFrames":null,"PacketLength":null,"Channels":6,"SampleRate":48000,"IsDefault":true,"IsForced":false,"Height":null,"Width":null,"AverageFrameRate":null,"RealFrameRate":null,"Profile":null,"Type":0,"AspectRatio":null,"Index":1,"Score":null,"IsExternal":false,"DeliveryMethod":null,"DeliveryUrl":null,"IsExternalUrl":null,"IsTextSubtitleStream":false,"SupportsExternalStream":false,"Path":null,"PixelFormat":null,"Level":0,"IsAnamorphic":null},{"Codec":"ac3","CodecTag":null,"Language":null,"ColorRange":null,"ColorSpace":null,"ColorTransfer":null,"ColorPrimaries":null,"DvVersionMajor":null,"DvVersionMinor":null,"DvProfile":null,"DvLevel":null,"RpuPresentFlag":null,"ElPresentFlag":null,"BlPresentFlag":null,"DvBlSignalCompatibilityId":null,"Comment":null,"TimeBase":"1/1000","CodecTimeBase":null,"Title":"VFQ AC3 2.0","VideoRange":null,"VideoRangeType":null,"VideoDoViTitle":null,"LocalizedUndefined":null,"LocalizedDefault":null,"LocalizedForced":null,"LocalizedExternal":null,"DisplayTitle":"VFQ AC3 2.0 - Dolby Digital - Stereo","NalLengthSize":null,"IsInterlaced":false,"IsAVC":null,"ChannelLayout":"stereo","BitRate":192000,"BitDepth":null,"RefFrames":null,"PacketLength":null,"Channels":2,"SampleRate":48000,"IsDefault":false,"IsForced":false,"Height":null,"Width":null,"AverageFrameRate":null,"RealFrameRate":null,"Profile":null,"Type":0,"AspectRatio":null,"Index":2,"Score":null,"IsExternal":false,"DeliveryMethod":null,"DeliveryUrl":null,"IsExternalUrl":null,"IsTextSubtitleStream":false,"SupportsExternalStream":false,"Path":null,"PixelFormat":null,"Level":0,"IsAnamorphic":null},{"Codec":"h264","CodecTag":null,"Language":"fre","ColorRange":null,"ColorSpace":"bt709","ColorTransfer":"bt709","ColorPrimaries":"bt709","DvVersionMajor":null,"DvVersionMinor":null,"DvProfile":null,"DvLevel":null,"RpuPresentFlag":null,"ElPresentFlag":null,"BlPresentFlag":null,"DvBlSignalCompatibilityId":null,"Comment":null,"TimeBase":"1/1000","CodecTimeBase":null,"Title":null,"VideoRange":"SDR","VideoRangeType":"SDR","VideoDoViTitle":null,"LocalizedUndefined":null,"LocalizedDefault":null,"LocalizedForced":null,"LocalizedExternal":null,"DisplayTitle":"1080p H264 SDR","NalLengthSize":"4","IsInterlaced":false,"IsAVC":true,"ChannelLayout":null,"BitRate":2876453,"BitDepth":8,"RefFrames":1,"PacketLength":null,"Channels":null,"SampleRate":null,"IsDefault":true,"IsForced":false,"Height":800,"Width":1920,"AverageFrameRate":23.976025,"RealFrameRate":23.976025,"Profile":"High","Type":1,"AspectRatio":"2.40:1","Index":3,"Score":null,"IsExternal":false,"DeliveryMethod":null,"DeliveryUrl":null,"IsExternalUrl":null,"IsTextSubtitleStream":false,"SupportsExternalStream":false,"Path":null,"PixelFormat":"yuv420p","Level":41,"IsAnamorphic":null},{"Codec":"ac3","CodecTag":null,"Language":"eng","ColorRange":null,"ColorSpace":null,"ColorTransfer":null,"ColorPrimaries":null,"DvVersionMajor":null,"DvVersionMinor":null,"DvProfile":null,"DvLevel":null,"RpuPresentFlag":null,"ElPresentFlag":null,"BlPresentFlag":null,"DvBlSignalCompatibilityId":null,"Comment":null,"TimeBase":"1/1000","CodecTimeBase":null,"Title":"AC3 5.1","VideoRange":null,"VideoRangeType":null,"VideoDoViTitle":null,"LocalizedUndefined":null,"LocalizedDefault":null,"LocalizedForced":null,"LocalizedExternal":null,"DisplayTitle":"AC3 5.1 - Eng - Dolby Digital","NalLengthSize":null,"IsInterlaced":false,"IsAVC":null,"ChannelLayout":"5.1","BitRate":256000,"BitDepth":null,"RefFrames":null,"PacketLength":null,"Channels":6,"SampleRate":48000,"IsDefault":false,"IsForced":false,"Height":null,"Width":null,"AverageFrameRate":null,"RealFrameRate":null,"Profile":null,"Type":0,"AspectRatio":null,"Index":4,"Score":null,"IsExternal":false,"DeliveryMethod":null,"DeliveryUrl":null,"IsExternalUrl":null,"IsTextSubtitleStream":false,"SupportsExternalStream":false,"Path":null,"PixelFormat":null,"Level":0,"IsAnamorphic":null},{"Codec":"subrip","CodecTag":null,"Language":"eng","ColorRange":null,"ColorSpace":null,"ColorTransfer":null,"ColorPrimaries":null,"DvVersionMajor":null,"DvVersionMinor":null,"DvProfile":null,"DvLevel":null,"RpuPresentFlag":null,"ElPresentFlag":null,"BlPresentFlag":null,"DvBlSignalCompatibilityId":null,"Comment":null,"TimeBase":"1/1000","CodecTimeBase":null,"Title":"complet","VideoRange":null,"VideoRangeType":null,"VideoDoViTitle":null,"LocalizedUndefined":"Non d\u00E9fini","LocalizedDefault":"Par d\u00E9faut","LocalizedForced":"Forc\u00E9","LocalizedExternal":"External","DisplayTitle":"complet - Eng - SUBRIP","NalLengthSize":null,"IsInterlaced":false,"IsAVC":null,"ChannelLayout":null,"BitRate":null,"BitDepth":null,"RefFrames":null,"PacketLength":null,"Channels":null,"SampleRate":null,"IsDefault":false,"IsForced":false,"Height":null,"Width":null,"AverageFrameRate":null,"RealFrameRate":null,"Profile":null,"Type":2,"AspectRatio":null,"Index":5,"Score":null,"IsExternal":false,"DeliveryMethod":null,"DeliveryUrl":null,"IsExternalUrl":null,"IsTextSubtitleStream":true,"SupportsExternalStream":true,"Path":null,"PixelFormat":null,"Level":0,"IsAnamorphic":null}],"MediaAttachments":[],"Formats":[],"Bitrate":3708453,"Timestamp":null,"RequiredHttpHeaders":{},"TranscodingUrl":null,"TranscodingSubProtocol":null,"TranscodingContainer":null,"AnalyzeDurationMs":null,"DefaultAudioStreamIndex":null,"DefaultSubtitleStreamIndex":null}

/usr/lib/jellyfin-ffmpeg/ffmpeg -analyzeduration 200M -ss 01:05:28.758 -fflags +genpts -f matroska,webm  -i file:"/media/Seven [1080p] MULTi 1995 BluRay x264-Pop (Se7en) .mkv" -map_metadata -1 -map_chapters -1 -threads 0 -map 0:3 -map 0:1 -map -0:s -codec:v:0 copy -bsf:v h264_mp4toannexb -start_at_zero -codec:a:0 libfdk_aac -ac 2 -ab 384000 -af "volume=2" -copyts -avoid_negative_ts disabled -max_muxing_queue_size 2048 -f hls -max_delay 5000000 -hls_time 6 -hls_segment_type mpegts -start_number 654 -hls_segment_filename "/config/transcodes/226450a95d44d3ae17cf2822d9d97ef3%d.ts" -hls_playlist_type vod -hls_list_size 0 -y "/config/transcodes/226450a95d44d3ae17cf2822d9d97ef3.m3u8"


ffmpeg version 5.1.3-Jellyfin Copyright (c) 2000-2022 the FFmpeg developers
  built with gcc 10 (Debian 10.2.1-6)
  configuration: --prefix=/usr/lib/jellyfin-ffmpeg --target-os=linux --extra-libs=-lfftw3f --extra-version=Jellyfin --disable-doc --disable-ffplay --disable-ptx-compression --disable-static --disable-libxcb --disable-sdl2 --disable-xlib --enable-lto --enable-gpl --enable-version3 --enable-shared --enable-gmp --enable-gnutls --enable-chromaprint --enable-libdrm --enable-libass --enable-libfreetype --enable-libfribidi --enable-libfontconfig --enable-libbluray --enable-libmp3lame --enable-libopus --enable-libtheora --enable-libvorbis --enable-libopenmpt --enable-libdav1d --enable-libwebp --enable-libvpx --enable-libx264 --enable-libx265 --enable-libzvbi --enable-libzimg --enable-libfdk-aac --arch=amd64 --enable-libsvtav1 --enable-libshaderc --enable-libplacebo --enable-vulkan --enable-opencl --enable-vaapi --enable-amf --enable-libmfx --enable-ffnvcodec --enable-cuda --enable-cuda-llvm --enable-cuvid --enable-nvdec --enable-nvenc
  libavutil      57. 28.100 / 57. 28.100
  libavcodec     59. 37.100 / 59. 37.100
  libavformat    59. 27.100 / 59. 27.100
  libavdevice    59.  7.100 / 59.  7.100
  libavfilter     8. 44.100 /  8. 44.100
  libswscale      6.  7.100 /  6.  7.100
  libswresample   4.  7.100 /  4.  7.100
  libpostproc    56.  6.100 / 56.  6.100
Input #0, matroska,webm, from 'file:/media/Seven [1080p] MULTi 1995 BluRay x264-Pop (Se7en) .mkv':
  Metadata:
    encoder         : libebml v1.3.0 + libmatroska v1.4.0
    creation_time   : 2014-01-28T16:26:08.000000Z
  Duration: 02:06:51.25, start: 0.000000, bitrate: 2876 kb/s
  Stream #0:0(fre): Subtitle: subrip
    Metadata:
      title           : complet
  Stream #0:1(fre): Audio: ac3, 48000 Hz, 5.1(side), fltp, 384 kb/s (default)
    Metadata:
      title           : AC3 VFF 5.1
  Stream #0:2: Audio: ac3, 48000 Hz, stereo, fltp, 192 kb/s
    Metadata:
      title           : VFQ AC3 2.0
  Stream #0:3(fre): Video: h264 (High), yuv420p(tv, bt709, progressive), 1920x800 [SAR 1:1 DAR 12:5], 23.98 fps, 23.98 tbr, 1k tbn (default)
  Stream #0:4(eng): Audio: ac3, 48000 Hz, 5.1(side), fltp, 256 kb/s
    Metadata:
      title           : AC3 5.1
  Stream #0:5(eng): Subtitle: subrip
    Metadata:
      title           : complet
Stream mapping:
  Stream #0:3 -> #0:0 (copy)
  Stream #0:1 -> #0:1 (ac3 (native) -> aac (libfdk_aac))
Press [q] to stop, [?] for help
Output #0, hls, to '/config/transcodes/226450a95d44d3ae17cf2822d9d97ef3.m3u8':
  Metadata:
    encoder         : Lavf59.27.100
  Stream #0:0: Video: h264 (High), yuv420p(tv, bt709, progressive), 1920x800 [SAR 1:1 DAR 12:5], q=2-31, 23.98 fps, 23.98 tbr, 90k tbn (default)
  Stream #0:1: Audio: aac, 48000 Hz, stereo, s16, 384 kb/s (default)
    Metadata:
      encoder         : Lavc59.37.100 libfdk_aac
frame=    1 fps=0.0 q=-1.0 size=N/A time=-01:05:22.92 bitrate=N/A speed=N/A    
[hls @ 0x5630726d8a00] Opening '/config/transcodes/226450a95d44d3ae17cf2822d9d97ef3654.ts' for writing
[hls @ 0x5630726d8a00] Opening '/config/transcodes/226450a95d44d3ae17cf2822d9d97ef3655.ts' for writing
frame=  688 fps=0.0 q=-1.0 size=N/A time=00:00:28.77 bitrate=N/A speed=57.5x    
[hls @ 0x5630726d8a00] Opening '/config/transcodes/226450a95d44d3ae17cf2822d9d97ef3656.ts' for writing
[hls @ 0x5630726d8a00] Opening '/config/transcodes/226450a95d44d3ae17cf2822d9d97ef3657.ts' for writing
[hls @ 0x5630726d8a00] Opening '/config/transcodes/226450a95d44d3ae17cf2822d9d97ef3658.ts' for writing
[hls @ 0x5630726d8a00] Opening '/config/transcodes/226450a95d44d3ae17cf2822d9d97ef3659.ts' for writing
frame= 1272 fps=1271 q=-1.0 size=N/A time=00:00:53.32 bitrate=N/A speed=53.3x    
[hls @ 0x5630726d8a00] Opening '/config/transcodes/226450a95d44d3ae17cf2822d9d97ef3660.ts' for writing
[hls @ 0x5630726d8a00] Opening '/config/transcodes/226450a95d44d3ae17cf2822d9d97ef3661.ts' for writing
[hls @ 0x5630726d8a00] Opening '/config/transcodes/226450a95d44d3ae17cf2822d9d97ef3662.ts' for writing
frame= 1876 fps=1249 q=-1.0 size=N/A time=00:01:18.54 bitrate=N/A speed=52.3x    
[hls @ 0x5630726d8a00] Opening '/config/transcodes/226450a95d44d3ae17cf2822d9d97ef3663.ts' for writing
[hls @ 0x5630726d8a00] Opening '/config/transcodes/226450a95d44d3ae17cf2822d9d97ef3664.ts' for writing
frame= 2492 fps=1245 q=-1.0 size=N/A time=00:01:44.09 bitrate=N/A speed=  52x    
[hls @ 0x5630726d8a00] Opening '/config/transcodes/226450a95d44d3ae17cf2822d9d97ef3665.ts' for writing
[hls @ 0x5630726d8a00] Opening '/config/transcodes/226450a95d44d3ae17cf2822d9d97ef3666.ts' for writing
[hls @ 0x5630726d8a00] Opening '/config/transcodes/226450a95d44d3ae17cf2822d9d97ef3667.ts' for writing
[hls @ 0x5630726d8a00] Opening '/config/transcodes/226450a95d44d3ae17cf2822d9d97ef3668.ts' for writing
frame= 3122 fps=1248 q=-1.0 size=N/A time=00:02:10.38 bitrate=N/A speed=52.1x    
[hls @ 0x5630726d8a00] Opening '/config/transcodes/226450a95d44d3ae17cf2822d9d97ef3669.ts' for writing
[hls @ 0x5630726d8a00] Opening '/config/transcodes/226450a95d44d3ae17cf2822d9d97ef3670.ts' for writing
[hls @ 0x5630726d8a00] Opening '/config/transcodes/226450a95d44d3ae17cf2822d9d97ef3671.ts' for writing
[hls @ 0x5630726d8a00] Opening '/config/transcodes/226450a95d44d3ae17cf2822d9d97ef3672.ts' for writing
frame= 3805 fps=1267 q=-1.0 size=N/A time=00:02:38.88 bitrate=N/A speed=52.9x    
[hls @ 0x5630726d8a00] Opening '/config/transcodes/226450a95d44d3ae17cf2822d9d97ef3673.ts' for writing
[hls @ 0x5630726d8a00] Opening '/config/transcodes/226450a95d44d3ae17cf2822d9d97ef3674.ts' for writing
frame= 4478 fps=1278 q=-1.0 size=N/A time=00:03:06.91 bitrate=N/A speed=53.4x    
[hls @ 0x5630726d8a00] Opening '/config/transcodes/226450a95d44d3ae17cf2822d9d97ef3675.ts' for writing
[hls @ 0x5630726d8a00] Opening '/config/transcodes/226450a95d44d3ae17cf2822d9d97ef3676.ts' for writing
[hls @ 0x5630726d8a00] Opening '/config/transcodes/226450a95d44d3ae17cf2822d9d97ef3677.ts' for writing
[hls @ 0x5630726d8a00] Opening '/config/transcodes/226450a95d44d3ae17cf2822d9d97ef3678.ts' for writing
[hls @ 0x5630726d8a00] Opening '/config/transcodes/226450a95d44d3ae17cf2822d9d97ef3679.ts' for writing
[hls @ 0x5630726d8a00] Opening '/config/transcodes/226450a95d44d3ae17cf2822d9d97ef3680.ts' for writing
frame= 5187 fps=1296 q=-1.0 size=N/A time=00:03:36.46 bitrate=N/A speed=54.1x    
[hls @ 0x5630726d8a00] Opening '/config/transcodes/226450a95d44d3ae17cf2822d9d97ef3681.ts' for writing
[hls @ 0x5630726d8a00] Opening '/config/transcodes/226450a95d44d3ae17cf2822d9d97ef3682.ts' for writing
[hls @ 0x5630726d8a00] Opening '/config/transcodes/226450a95d44d3ae17cf2822d9d97ef3683.ts' for writing
[hls @ 0x5630726d8a00] Opening '/config/transcodes/226450a95d44d3ae17cf2822d9d97ef3684.ts' for writing
[hls @ 0x5630726d8a00] Opening '/config/transcodes/226450a95d44d3ae17cf2822d9d97ef3685.ts' for writing
[hls @ 0x5630726d8a00] Opening '/config/transcodes/226450a95d44d3ae17cf2822d9d97ef3686.ts' for writing
frame= 5851 fps=1299 q=-1.0 size=N/A time=00:04:04.38 bitrate=N/A speed=54.3x    
[hls @ 0x5630726d8a00] Opening '/config/transcodes/226450a95d44d3ae17cf2822d9d97ef3687.ts' for writing
[hls @ 0x5630726d8a00] Opening '/config/transcodes/226450a95d44d3ae17cf2822d9d97ef3688.ts' for writing
[hls @ 0x5630726d8a00] Opening '/config/transcodes/226450a95d44d3ae17cf2822d9d97ef3689.ts' for writing
[hls @ 0x5630726d8a00] Opening '/config/transcodes/226450a95d44d3ae17cf2822d9d97ef3690.ts' for writing
[hls @ 0x5630726d8a00] Opening '/config/transcodes/226450a95d44d3ae17cf2822d9d97ef3691.ts' for writing
[hls @ 0x5630726d8a00] Opening '/config/transcodes/226450a95d44d3ae17cf2822d9d97ef3692.ts' for writing
frame= 6485 fps=1296 q=-1.0 size=N/A time=00:04:30.67 bitrate=N/A speed=54.1x    
[hls @ 0x5630726d8a00] Opening '/config/transcodes/226450a95d44d3ae17cf2822d9d97ef3693.ts' for writing
[hls @ 0x5630726d8a00] Opening '/config/transcodes/226450a95d44d3ae17cf2822d9d97ef3694.ts' for writing
[hls @ 0x5630726d8a00] Opening '/config/transcodes/226450a95d44d3ae17cf2822d9d97ef3695.ts' for writing
[hls @ 0x5630726d8a00] Opening '/config/transcodes/226450a95d44d3ae17cf2822d9d97ef3696.ts' for writing
frame= 7157 fps=1300 q=-1.0 size=N/A time=00:04:58.65 bitrate=N/A speed=54.3x    
[hls @ 0x5630726d8a00] Opening '/config/transcodes/226450a95d44d3ae17cf2822d9d97ef3697.ts' for writing
[hls @ 0x5630726d8a00] Opening '/config/transcodes/226450a95d44d3ae17cf2822d9d97ef3698.ts' for writing
[hls @ 0x5630726d8a00] Opening '/config/transcodes/226450a95d44d3ae17cf2822d9d97ef3699.ts' for writing
[hls @ 0x5630726d8a00] Opening '/config/transcodes/226450a95d44d3ae17cf2822d9d97ef3700.ts' for writing
[hls @ 0x5630726d8a00] Opening '/config/transcodes/226450a95d44d3ae17cf2822d9d97ef3701.ts' for writing
frame= 7820 fps=1302 q=-1.0 size=N/A time=00:05:26.37 bitrate=N/A speed=54.3x    
[hls @ 0x5630726d8a00] Opening '/config/transcodes/226450a95d44d3ae17cf2822d9d97ef3702.ts' for writing
[hls @ 0x5630726d8a00] Opening '/config/transcodes/226450a95d44d3ae17cf2822d9d97ef3703.ts' for writing
[hls @ 0x5630726d8a00] Opening '/config/transcodes/226450a95d44d3ae17cf2822d9d97ef3704.ts' for writing
[hls @ 0x5630726d8a00] Opening '/config/transcodes/226450a95d44d3ae17cf2822d9d97ef3705.ts' for writing
[hls @ 0x5630726d8a00] Opening '/config/transcodes/226450a95d44d3ae17cf2822d9d97ef3706.ts' for writing
[hls @ 0x5630726d8a00] Opening '/config/transcodes/226450a95d44d3ae17cf2822d9d97ef3707.ts' for writing
[hls @ 0x5630726d8a00] Opening '/config/transcodes/226450a95d44d3ae17cf2822d9d97ef3708.ts' for writing
[hls @ 0x5630726d8a00] Opening '/config/transcodes/226450a95d44d3ae17cf2822d9d97ef3709.ts' for writing
frame= 8413 fps=1293 q=-1.0 size=N/A time=00:05:51.07 bitrate=N/A speed=  54x    
[hls @ 0x5630726d8a00] Opening '/config/transcodes/226450a95d44d3ae17cf2822d9d97ef3710.ts' for writing
[hls @ 0x5630726d8a00] Opening '/config/transcodes/226450a95d44d3ae17cf2822d9d97ef3711.ts' for writing
[hls @ 0x5630726d8a00] Opening '/config/transcodes/226450a95d44d3ae17cf2822d9d97ef3712.ts' for writing
[hls @ 0x5630726d8a00] Opening '/config/transcodes/226450a95d44d3ae17cf2822d9d97ef3713.ts' for writing
[hls @ 0x5630726d8a00] Opening '/config/transcodes/226450a95d44d3ae17cf2822d9d97ef3714.ts' for writing
frame= 9086 fps=1297 q=-1.0 size=N/A time=00:06:19.04 bitrate=N/A speed=54.1x    
[hls @ 0x5630726d8a00] Opening '/config/transcodes/226450a95d44d3ae17cf2822d9d97ef3715.ts' for writing
[hls @ 0x5630726d8a00] Opening '/config/transcodes/226450a95d44d3ae17cf2822d9d97ef3716.ts' for writing
[hls @ 0x5630726d8a00] Opening '/config/transcodes/226450a95d44d3ae17cf2822d9d97ef3717.ts' for writing
[hls @ 0x5630726d8a00] Opening '/config/transcodes/226450a95d44d3ae17cf2822d9d97ef3718.ts' for writing
[hls @ 0x5630726d8a00] Opening '/config/transcodes/226450a95d44d3ae17cf2822d9d97ef3719.ts' for writing
frame= 9743 fps=1298 q=-1.0 size=N/A time=00:06:46.67 bitrate=N/A speed=54.2x    
[hls @ 0x5630726d8a00] Opening '/config/transcodes/226450a95d44d3ae17cf2822d9d97ef3720.ts' for writing
[hls @ 0x5630726d8a00] Opening '/config/transcodes/226450a95d44d3ae17cf2822d9d97ef3721.ts' for writing
[hls @ 0x5630726d8a00] Opening '/config/transcodes/226450a95d44d3ae17cf2822d9d97ef3722.ts' for writing
[hls @ 0x5630726d8a00] Opening '/config/transcodes/226450a95d44d3ae17cf2822d9d97ef3723.ts' for writing
frame=10336 fps=1291 q=-1.0 size=N/A time=00:07:11.31 bitrate=N/A speed=53.9x    
[hls @ 0x5630726d8a00] Opening '/config/transcodes/226450a95d44d3ae17cf2822d9d97ef3724.ts' for writing
[hls @ 0x5630726d8a00] Opening '/config/transcodes/226450a95d44d3ae17cf2822d9d97ef3725.ts' for writing
[hls @ 0x5630726d8a00] Opening '/config/transcodes/226450a95d44d3ae17cf2822d9d97ef3726.ts' for writing
[hls @ 0x5630726d8a00] Opening '/config/transcodes/226450a95d44d3ae17cf2822d9d97ef3727.ts' for writing
frame=10934 fps=1285 q=-1.0 size=N/A time=00:07:36.33 bitrate=N/A speed=53.6x    
[hls @ 0x5630726d8a00] Opening '/config/transcodes/226450a95d44d3ae17cf2822d9d97ef3728.ts' for writing
[hls @ 0x5630726d8a00] Opening '/config/transcodes/226450a95d44d3ae17cf2822d9d97ef3729.ts' for writing
[hls @ 0x5630726d8a00] Opening '/config/transcodes/226450a95d44d3ae17cf2822d9d97ef3730.ts' for writing
[hls @ 0x5630726d8a00] Opening '/config/transcodes/226450a95d44d3ae17cf2822d9d97ef3731.ts' for writing
[hls @ 0x5630726d8a00] Opening '/config/transcodes/226450a95d44d3ae17cf2822d9d97ef3732.ts' for writing
frame=11514 fps=1278 q=-1.0 size=N/A time=00:08:00.33 bitrate=N/A speed=53.3x    
[hls @ 0x5630726d8a00] Opening '/config/transcodes/226450a95d44d3ae17cf2822d9d97ef3733.ts' for writing
[hls @ 0x5630726d8a00] Opening '/config/transcodes/226450a95d44d3ae17cf2822d9d97ef3734.ts' for writing
[hls @ 0x5630726d8a00] Opening '/config/transcodes/226450a95d44d3ae17cf2822d9d97ef3735.ts' for writing
[hls @ 0x5630726d8a00] Opening '/config/transcodes/226450a95d44d3ae17cf2822d9d97ef3736.ts' for writing
frame=12180 fps=1281 q=-1.0 size=N/A time=00:08:28.30 bitrate=N/A speed=53.5x    
[hls @ 0x5630726d8a00] Opening '/config/transcodes/226450a95d44d3ae17cf2822d9d97ef3737.ts' for writing
[hls @ 0x5630726d8a00] Opening '/config/transcodes/226450a95d44d3ae17cf2822d9d97ef3738.ts' for writing
[hls @ 0x5630726d8a00] Opening '/config/transcodes/226450a95d44d3ae17cf2822d9d97ef3739.ts' for writing
frame=12866 fps=1286 q=-1.0 size=N/A time=00:08:56.86 bitrate=N/A speed=53.6x    
[hls @ 0x5630726d8a00] Opening '/config/transcodes/226450a95d44d3ae17cf2822d9d97ef3740.ts' for writing
[hls @ 0x5630726d8a00] Opening '/config/transcodes/226450a95d44d3ae17cf2822d9d97ef3741.ts' for writing
[hls @ 0x5630726d8a00] Opening '/config/transcodes/226450a95d44d3ae17cf2822d9d97ef3742.ts' for writing
[hls @ 0x5630726d8a00] Opening '/config/transcodes/226450a95d44d3ae17cf2822d9d97ef3743.ts' for writing
frame=13578 fps=1292 q=-1.0 size=N/A time=00:09:26.62 bitrate=N/A speed=53.9x    
[hls @ 0x5630726d8a00] Opening '/config/transcodes/226450a95d44d3ae17cf2822d9d97ef3744.ts' for writing
[hls @ 0x5630726d8a00] Opening '/config/transcodes/226450a95d44d3ae17cf2822d9d97ef3745.ts' for writing
[hls @ 0x5630726d8a00] Opening '/config/transcodes/226450a95d44d3ae17cf2822d9d97ef3746.ts' for writing
frame=14323 fps=1301 q=-1.0 size=N/A time=00:09:57.41 bitrate=N/A speed=54.3x    
[hls @ 0x5630726d8a00] Opening '/config/transcodes/226450a95d44d3ae17cf2822d9d97ef3747.ts' for writing
[hls @ 0x5630726d8a00] Opening '/config/transcodes/226450a95d44d3ae17cf2822d9d97ef3748.ts' for writing
frame=14920 fps=1296 q=-1.0 size=N/A time=00:10:22.43 bitrate=N/A speed=54.1x    
[hls @ 0x5630726d8a00] Opening '/config/transcodes/226450a95d44d3ae17cf2822d9d97ef3749.ts' for writing
[hls @ 0x5630726d8a00] Opening '/config/transcodes/226450a95d44d3ae17cf2822d9d97ef3750.ts' for writing
[hls @ 0x5630726d8a00] Opening '/config/transcodes/226450a95d44d3ae17cf2822d9d97ef3751.ts' for writing
frame=15521 fps=1292 q=-1.0 size=N/A time=00:10:47.56 bitrate=N/A speed=53.9x    
[hls @ 0x5630726d8a00] Opening '/config/transcodes/226450a95d44d3ae17cf2822d9d97ef3752.ts' for writing
[hls @ 0x5630726d8a00] Opening '/config/transcodes/226450a95d44d3ae17cf2822d9d97ef3753.ts' for writing
[hls @ 0x5630726d8a00] Opening '/config/transcodes/226450a95d44d3ae17cf2822d9d97ef3754.ts' for writing
[hls @ 0x5630726d8a00] Opening '/config/transcodes/226450a95d44d3ae17cf2822d9d97ef3755.ts' for writing
frame=16150 fps=1291 q=-1.0 size=N/A time=00:11:13.74 bitrate=N/A speed=53.9x    
[hls @ 0x5630726d8a00] Opening '/config/transcodes/226450a95d44d3ae17cf2822d9d97ef3756.ts' for writing
[hls @ 0x5630726d8a00] Opening '/config/transcodes/226450a95d44d3ae17cf2822d9d97ef3757.ts' for writing
[hls @ 0x5630726d8a00] Opening '/config/transcodes/226450a95d44d3ae17cf2822d9d97ef3758.ts' for writing
frame=16797 fps=1291 q=-1.0 size=N/A time=00:11:40.64 bitrate=N/A speed=53.9x    
[hls @ 0x5630726d8a00] Opening '/config/transcodes/226450a95d44d3ae17cf2822d9d97ef3759.ts' for writing
[hls @ 0x5630726d8a00] Opening '/config/transcodes/226450a95d44d3ae17cf2822d9d97ef3760.ts' for writing
[hls @ 0x5630726d8a00] Opening '/config/transcodes/226450a95d44d3ae17cf2822d9d97ef3761.ts' for writing
[hls @ 0x5630726d8a00] Opening '/config/transcodes/226450a95d44d3ae17cf2822d9d97ef3762.ts' for writing
[hls @ 0x5630726d8a00] Opening '/config/transcodes/226450a95d44d3ae17cf2822d9d97ef3763.ts' for writing
[hls @ 0x5630726d8a00] Opening '/config/transcodes/226450a95d44d3ae17cf2822d9d97ef3764.ts' for writing
frame=17380 fps=1286 q=-1.0 size=N/A time=00:12:04.96 bitrate=N/A speed=53.7x    
[hls @ 0x5630726d8a00] Opening '/config/transcodes/226450a95d44d3ae17cf2822d9d97ef3765.ts' for writing
[hls @ 0x5630726d8a00] Opening '/config/transcodes/226450a95d44d3ae17cf2822d9d97ef3766.ts' for writing
[hls @ 0x5630726d8a00] Opening '/config/transcodes/226450a95d44d3ae17cf2822d9d97ef3767.ts' for writing
[hls @ 0x5630726d8a00] Opening '/config/transcodes/226450a95d44d3ae17cf2822d9d97ef3768.ts' for writing
[hls @ 0x5630726d8a00] Opening '/config/transcodes/226450a95d44d3ae17cf2822d9d97ef3769.ts' for writing
[hls @ 0x5630726d8a00] Opening '/config/transcodes/226450a95d44d3ae17cf2822d9d97ef3770.ts' for writing
[hls @ 0x5630726d8a00] Opening '/config/transcodes/226450a95d44d3ae17cf2822d9d97ef3771.ts' for writing
frame=18058 fps=1289 q=-1.0 size=N/A time=00:12:33.25 bitrate=N/A speed=53.8x    
[hls @ 0x5630726d8a00] Opening '/config/transcodes/226450a95d44d3ae17cf2822d9d97ef3772.ts' for writing
[hls @ 0x5630726d8a00] Opening '/config/transcodes/226450a95d44d3ae17cf2822d9d97ef3773.ts' for writing
[hls @ 0x5630726d8a00] Opening '/config/transcodes/226450a95d44d3ae17cf2822d9d97ef3774.ts' for writing
frame=18699 fps=1289 q=-1.0 size=N/A time=00:13:00.25 bitrate=N/A speed=53.8x    
[hls @ 0x5630726d8a00] Opening '/config/transcodes/226450a95d44d3ae17cf2822d9d97ef3775.ts' for writing
[hls @ 0x5630726d8a00] Opening '/config/transcodes/226450a95d44d3ae17cf2822d9d97ef3776.ts' for writing
[hls @ 0x5630726d8a00] Opening '/config/transcodes/226450a95d44d3ae17cf2822d9d97ef3777.ts' for writing
[hls @ 0x5630726d8a00] Opening '/config/transcodes/226450a95d44d3ae17cf2822d9d97ef3778.ts' for writing
frame=19339 fps=1288 q=-1.0 size=N/A time=00:13:26.88 bitrate=N/A speed=53.8x    
[hls @ 0x5630726d8a00] Opening '/config/transcodes/226450a95d44d3ae17cf2822d9d97ef3779.ts' for writing
[hls @ 0x5630726d8a00] Opening '/config/transcodes/226450a95d44d3ae17cf2822d9d97ef3780.ts' for writing
[hls @ 0x5630726d8a00] Opening '/config/transcodes/226450a95d44d3ae17cf2822d9d97ef3781.ts' for writing
[hls @ 0x5630726d8a00] Opening '/config/transcodes/226450a95d44d3ae17cf2822d9d97ef3782.ts' for writing
frame=19923 fps=1284 q=-1.0 size=N/A time=00:13:51.05 bitrate=N/A speed=53.6x    
[hls @ 0x5630726d8a00] Opening '/config/transcodes/226450a95d44d3ae17cf2822d9d97ef3783.ts' for writing
[hls @ 0x5630726d8a00] Opening '/config/transcodes/226450a95d44d3ae17cf2822d9d97ef3784.ts' for writing
[hls @ 0x5630726d8a00] Opening '/config/transcodes/226450a95d44d3ae17cf2822d9d97ef3785.ts' for writing
[hls @ 0x5630726d8a00] Opening '/config/transcodes/226450a95d44d3ae17cf2822d9d97ef3786.ts' for writing
[hls @ 0x5630726d8a00] Opening '/config/transcodes/226450a95d44d3ae17cf2822d9d97ef3787.ts' for writing
frame=20523 fps=1282 q=-1.0 size=N/A time=00:14:16.07 bitrate=N/A speed=53.5x    
[hls @ 0x5630726d8a00] Opening '/config/transcodes/226450a95d44d3ae17cf2822d9d97ef3788.ts' for writing
[hls @ 0x5630726d8a00] Opening '/config/transcodes/226450a95d44d3ae17cf2822d9d97ef3789.ts' for writing
[hls @ 0x5630726d8a00] Opening '/config/transcodes/226450a95d44d3ae17cf2822d9d97ef3790.ts' for writing
[hls @ 0x5630726d8a00] Opening '/config/transcodes/226450a95d44d3ae17cf2822d9d97ef3791.ts' for writing
[hls @ 0x5630726d8a00] Opening '/config/transcodes/226450a95d44d3ae17cf2822d9d97ef3792.ts' for writing
frame=21167 fps=1282 q=-1.0 size=N/A time=00:14:42.91 bitrate=N/A speed=53.5x    
[hls @ 0x5630726d8a00] Opening '/config/transcodes/226450a95d44d3ae17cf2822d9d97ef3793.ts' for writing
[hls @ 0x5630726d8a00] Opening '/config/transcodes/226450a95d44d3ae17cf2822d9d97ef3794.ts' for writing
[hls @ 0x5630726d8a00] Opening '/config/transcodes/226450a95d44d3ae17cf2822d9d97ef3795.ts' for writing
[hls @ 0x5630726d8a00] Opening '/config/transcodes/226450a95d44d3ae17cf2822d9d97ef3796.ts' for writing
[hls @ 0x5630726d8a00] Opening '/config/transcodes/226450a95d44d3ae17cf2822d9d97ef3797.ts' for writing
[hls @ 0x5630726d8a00] Opening '/config/transcodes/226450a95d44d3ae17cf2822d9d97ef3798.ts' for writing
frame=21829 fps=1283 q=-1.0 size=N/A time=00:15:10.56 bitrate=N/A speed=53.5x    
[hls @ 0x5630726d8a00] Opening '/config/transcodes/226450a95d44d3ae17cf2822d9d97ef3799.ts' for writing
[hls @ 0x5630726d8a00] Opening '/config/transcodes/226450a95d44d3ae17cf2822d9d97ef3800.ts' for writing
[hls @ 0x5630726d8a00] Opening '/config/transcodes/226450a95d44d3ae17cf2822d9d97ef3801.ts' for writing
[hls @ 0x5630726d8a00] Opening '/config/transcodes/226450a95d44d3ae17cf2822d9d97ef3802.ts' for writing
[hls @ 0x5630726d8a00] Opening '/config/transcodes/226450a95d44d3ae17cf2822d9d97ef3803.ts' for writing
frame=22484 fps=1284 q=-1.0 size=N/A time=00:15:37.95 bitrate=N/A speed=53.6x    
[hls @ 0x5630726d8a00] Opening '/config/transcodes/226450a95d44d3ae17cf2822d9d97ef3804.ts' for writing
[hls @ 0x5630726d8a00] Opening '/config/transcodes/226450a95d44d3ae17cf2822d9d97ef3805.ts' for writing
[hls @ 0x5630726d8a00] Opening '/config/transcodes/226450a95d44d3ae17cf2822d9d97ef3806.ts' for writing
[hls @ 0x5630726d8a00] Opening '/config/transcodes/226450a95d44d3ae17cf2822d9d97ef3807.ts' for writing
[hls @ 0x5630726d8a00] Opening '/config/transcodes/226450a95d44d3ae17cf2822d9d97ef3808.ts' for writing
[hls @ 0x5630726d8a00] Opening '/config/transcodes/226450a95d44d3ae17cf2822d9d97ef3809.ts' for writing
[hls @ 0x5630726d8a00] Opening '/config/transcodes/226450a95d44d3ae17cf2822d9d97ef3810.ts' for writing
frame=23165 fps=1286 q=-1.0 size=N/A time=00:16:06.35 bitrate=N/A speed=53.6x    
[hls @ 0x5630726d8a00] Opening '/config/transcodes/226450a95d44d3ae17cf2822d9d97ef3811.ts' for writing
[hls @ 0x5630726d8a00] Opening '/config/transcodes/226450a95d44d3ae17cf2822d9d97ef3812.ts' for writing
[hls @ 0x5630726d8a00] Opening '/config/transcodes/226450a95d44d3ae17cf2822d9d97ef3813.ts' for writing
[hls @ 0x5630726d8a00] Opening '/config/transcodes/226450a95d44d3ae17cf2822d9d97ef3814.ts' for writing
frame=23841 fps=1288 q=-1.0 size=N/A time=00:16:34.57 bitrate=N/A speed=53.7x    
[hls @ 0x5630726d8a00] Opening '/config/transcodes/226450a95d44d3ae17cf2822d9d97ef3815.ts' for writing
[hls @ 0x5630726d8a00] Opening '/config/transcodes/226450a95d44d3ae17cf2822d9d97ef3816.ts' for writing
[hls @ 0x5630726d8a00] Opening '/config/transcodes/226450a95d44d3ae17cf2822d9d97ef3817.ts' for writing
[hls @ 0x5630726d8a00] Opening '/config/transcodes/226450a95d44d3ae17cf2822d9d97ef3818.ts' for writing
[hls @ 0x5630726d8a00] Opening '/config/transcodes/226450a95d44d3ae17cf2822d9d97ef3819.ts' for writing
[hls @ 0x5630726d8a00] Opening '/config/transcodes/226450a95d44d3ae17cf2822d9d97ef3820.ts' for writing
[hls @ 0x5630726d8a00] Opening '/config/transcodes/226450a95d44d3ae17cf2822d9d97ef3821.ts' for writing
frame=24505 fps=1289 q=-1.0 size=N/A time=00:17:02.24 bitrate=N/A speed=53.8x    
[hls @ 0x5630726d8a00] Opening '/config/transcodes/226450a95d44d3ae17cf2822d9d97ef3822.ts' for writing
[hls @ 0x5630726d8a00] Opening '/config/transcodes/226450a95d44d3ae17cf2822d9d97ef3823.ts' for writing
[hls @ 0x5630726d8a00] Opening '/config/transcodes/226450a95d44d3ae17cf2822d9d97ef3824.ts' for writing
[hls @ 0x5630726d8a00] Opening '/config/transcodes/226450a95d44d3ae17cf2822d9d97ef3825.ts' for writing
[hls @ 0x5630726d8a00] Opening '/config/transcodes/226450a95d44d3ae17cf2822d9d97ef3826.ts' for writing
frame=25168 fps=1290 q=-1.0 size=N/A time=00:17:29.89 bitrate=N/A speed=53.8x    
[hls @ 0x5630726d8a00] Opening '/config/transcodes/226450a95d44d3ae17cf2822d9d97ef3827.ts' for writing
[hls @ 0x5630726d8a00] Opening '/config/transcodes/226450a95d44d3ae17cf2822d9d97ef3828.ts' for writing
frame=25770 fps=1288 q=-1.0 size=N/A time=00:17:55.08 bitrate=N/A speed=53.7x    
[hls @ 0x5630726d8a00] Opening '/config/transcodes/226450a95d44d3ae17cf2822d9d97ef3829.ts' for writing
[hls @ 0x5630726d8a00] Opening '/config/transcodes/226450a95d44d3ae17cf2822d9d97ef3830.ts' for writing
[hls @ 0x5630726d8a00] Opening '/config/transcodes/226450a95d44d3ae17cf2822d9d97ef3831.ts' for writing
frame=26372 fps=1285 q=-1.0 size=N/A time=00:18:20.13 bitrate=N/A speed=53.6x    
[hls @ 0x5630726d8a00] Opening '/config/transcodes/226450a95d44d3ae17cf2822d9d97ef3832.ts' for writing
[hls @ 0x5630726d8a00] Opening '/config/transcodes/226450a95d44d3ae17cf2822d9d97ef3833.ts' for writing
[hls @ 0x5630726d8a00] Opening '/config/transcodes/226450a95d44d3ae17cf2822d9d97ef3834.ts' for writing
[hls @ 0x5630726d8a00] Opening '/config/transcodes/226450a95d44d3ae17cf2822d9d97ef3835.ts' for writing
[hls @ 0x5630726d8a00] Opening '/config/transcodes/226450a95d44d3ae17cf2822d9d97ef3836.ts' for writing
[hls @ 0x5630726d8a00] Opening '/config/transcodes/226450a95d44d3ae17cf2822d9d97ef3837.ts' for writing
frame=26970 fps=1283 q=-1.0 size=N/A time=00:18:45.15 bitrate=N/A speed=53.5x    
[hls @ 0x5630726d8a00] Opening '/config/transcodes/226450a95d44d3ae17cf2822d9d97ef3838.ts' for writing
[hls @ 0x5630726d8a00] Opening '/config/transcodes/226450a95d44d3ae17cf2822d9d97ef3839.ts' for writing
[hls @ 0x5630726d8a00] Opening '/config/transcodes/226450a95d44d3ae17cf2822d9d97ef3840.ts' for writing
[hls @ 0x5630726d8a00] Opening '/config/transcodes/226450a95d44d3ae17cf2822d9d97ef3841.ts' for writing
frame=27597 fps=1283 q=-1.0 size=N/A time=00:19:11.31 bitrate=N/A speed=53.5x    
[hls @ 0x5630726d8a00] Opening '/config/transcodes/226450a95d44d3ae17cf2822d9d97ef3842.ts' for writing
[hls @ 0x5630726d8a00] Opening '/config/transcodes/226450a95d44d3ae17cf2822d9d97ef3843.ts' for writing
[hls @ 0x5630726d8a00] Opening '/config/transcodes/226450a95d44d3ae17cf2822d9d97ef3844.ts' for writing
[hls @ 0x5630726d8a00] Opening '/config/transcodes/226450a95d44d3ae17cf2822d9d97ef3845.ts' for writing
[hls @ 0x5630726d8a00] Opening '/config/transcodes/226450a95d44d3ae17cf2822d9d97ef3846.ts' for writing
[hls @ 0x5630726d8a00] Opening '/config/transcodes/226450a95d44d3ae17cf2822d9d97ef3847.ts' for writing
[hls @ 0x5630726d8a00] Opening '/config/transcodes/226450a95d44d3ae17cf2822d9d97ef3848.ts' for writing
[hls @ 0x5630726d8a00] Opening '/config/transcodes/226450a95d44d3ae17cf2822d9d97ef3849.ts' for writing
frame=28272 fps=1284 q=-1.0 size=N/A time=00:19:39.36 bitrate=N/A speed=53.6x    
[hls @ 0x5630726d8a00] Opening '/config/transcodes/226450a95d44d3ae17cf2822d9d97ef3850.ts' for writing
[hls @ 0x5630726d8a00] Opening '/config/transcodes/226450a95d44d3ae17cf2822d9d97ef3851.ts' for writing
frame=28793 fps=1279 q=-1.0 size=N/A time=00:20:00.99 bitrate=N/A speed=53.3x    
[hls @ 0x5630726d8a00] Opening '/config/transcodes/226450a95d44d3ae17cf2822d9d97ef3852.ts' for writing
[hls @ 0x5630726d8a00] Opening '/config/transcodes/226450a95d44d3ae17cf2822d9d97ef3853.ts' for writing
[hls @ 0x5630726d8a00] Opening '/config/transcodes/226450a95d44d3ae17cf2822d9d97ef3854.ts' for writing
frame=29398 fps=1277 q=-1.0 size=N/A time=00:20:26.31 bitrate=N/A speed=53.3x    
[hls @ 0x5630726d8a00] Opening '/config/transcodes/226450a95d44d3ae17cf2822d9d97ef3855.ts' for writing
[hls @ 0x5630726d8a00] Opening '/config/transcodes/226450a95d44d3ae17cf2822d9d97ef3856.ts' for writing
[hls @ 0x5630726d8a00] Opening '/config/transcodes/226450a95d44d3ae17cf2822d9d97ef3857.ts' for writing
[hls @ 0x5630726d8a00] Opening '/config/transcodes/226450a95d44d3ae17cf2822d9d97ef3858.ts' for writing
[hls @ 0x5630726d8a00] Opening '/config/transcodes/226450a95d44d3ae17cf2822d9d97ef3859.ts' for writing
frame=29999 fps=1276 q=-1.0 size=N/A time=00:20:51.40 bitrate=N/A speed=53.2x    
[hls @ 0x5630726d8a00] Opening '/config/transcodes/226450a95d44d3ae17cf2822d9d97ef3860.ts' for writing
[hls @ 0x5630726d8a00] Opening '/config/transcodes/226450a95d44d3ae17cf2822d9d97ef3861.ts' for writing
[hls @ 0x5630726d8a00] Opening '/config/transcodes/226450a95d44d3ae17cf2822d9d97ef3862.ts' for writing
[hls @ 0x5630726d8a00] Opening '/config/transcodes/226450a95d44d3ae17cf2822d9d97ef3863.ts' for writing
[hls @ 0x5630726d8a00] Opening '/config/transcodes/226450a95d44d3ae17cf2822d9d97ef3864.ts' for writing
[hls @ 0x5630726d8a00] Opening '/config/transcodes/226450a95d44d3ae17cf2822d9d97ef3865.ts' for writing
frame=30694 fps=1278 q=-1.0 size=N/A time=00:21:20.29 bitrate=N/A speed=53.3x    
[hls @ 0x5630726d8a00] Opening '/config/transcodes/226450a95d44d3ae17cf2822d9d97ef3866.ts' for writing
[hls @ 0x5630726d8a00] Opening '/config/transcodes/226450a95d44d3ae17cf2822d9d97ef3867.ts' for writing
[hls @ 0x5630726d8a00] Opening '/config/transcodes/226450a95d44d3ae17cf2822d9d97ef3868.ts' for writing
[hls @ 0x5630726d8a00] Opening '/config/transcodes/226450a95d44d3ae17cf2822d9d97ef3869.ts' for writing
[hls @ 0x5630726d8a00] Opening '/config/transcodes/226450a95d44d3ae17cf2822d9d97ef3870.ts' for writing
frame=31366 fps=1279 q=-1.0 size=N/A time=00:21:48.49 bitrate=N/A speed=53.4x    
[hls @ 0x5630726d8a00] Opening '/config/transcodes/226450a95d44d3ae17cf2822d9d97ef3871.ts' for writing
[hls @ 0x5630726d8a00] Opening '/config/transcodes/226450a95d44d3ae17cf2822d9d97ef3872.ts' for writing
[hls @ 0x5630726d8a00] Opening '/config/transcodes/226450a95d44d3ae17cf2822d9d97ef3873.ts' for writing
[hls @ 0x5630726d8a00] Opening '/config/transcodes/226450a95d44d3ae17cf2822d9d97ef3874.ts' for writing


[q] command received. Exiting.

[hls @ 0x5630726d8a00] Opening '/config/transcodes/226450a95d44d3ae17cf2822d9d97ef3875.ts' for writing
frame=31958 fps=1279 q=-1.0 Lsize=N/A time=00:22:12.98 bitrate=N/A speed=53.3x    
video:286239kB audio:62212kB subtitle:0kB other streams:0kB global headers:0kB muxing overhead: unknown