[2023-06-03 10:29:55.129 +00:00] [INF] [6] Main: Jellyfin version: "10.8.10"
[2023-06-03 10:29:55.146 +00:00] [INF] [6] Main: Environment Variables: ["[JELLYFIN_FFMPEG, /usr/lib/jellyfin-ffmpeg/ffmpeg]", "[JELLYFIN_LOG_DIR, /config/log]", "[JELLYFIN_CACHE_DIR, /cache]", "[DOTNET_SYSTEM_GLOBALIZATION_INVARIANT, 1]", "[JELLYFIN_DATA_DIR, /config]", "[JELLYFIN_WEB_DIR, /jellyfin/jellyfin-web]", "[JELLYFIN_CONFIG_DIR, /config/config]"]
[2023-06-03 10:29:55.149 +00:00] [INF] [6] Main: Arguments: ["/jellyfin/jellyfin.dll"]
[2023-06-03 10:29:55.150 +00:00] [INF] [6] Main: Operating system: "Linux"
[2023-06-03 10:29:55.150 +00:00] [INF] [6] Main: Architecture: X64
[2023-06-03 10:29:55.151 +00:00] [INF] [6] Main: 64-Bit Process: True
[2023-06-03 10:29:55.151 +00:00] [INF] [6] Main: User Interactive: True
[2023-06-03 10:29:55.151 +00:00] [INF] [6] Main: Processor count: 12
[2023-06-03 10:29:55.151 +00:00] [INF] [6] Main: Program data path: "/config"
[2023-06-03 10:29:55.151 +00:00] [INF] [6] Main: Web resources path: "/jellyfin/jellyfin-web"
[2023-06-03 10:29:55.151 +00:00] [INF] [6] Main: Application directory: "/jellyfin/"
[2023-06-03 10:29:55.216 +00:00] [INF] [6] Jellyfin.Server.Migrations.MigrationRunner: Marking following migrations as applied because this is a fresh install: ["CreateNetworkConfiguration"]
[2023-06-03 10:29:55.324 +00:00] [INF] [6] Emby.Server.Implementations.AppBase.BaseConfigurationManager: Setting cache path: "/cache"
[2023-06-03 10:29:55.337 +00:00] [INF] [6] Emby.Server.Implementations.ApplicationHost: Loading assemblies
[2023-06-03 10:29:55.430 +00:00] [INF] [6] Jellyfin.Networking.Manager.NetworkManager: Defined LAN addresses : "[10.0.0.0/8,172.16.0.0/12,192.168.0.0/16]"
[2023-06-03 10:29:55.430 +00:00] [INF] [6] Jellyfin.Networking.Manager.NetworkManager: Defined LAN exclusions : "[]"
[2023-06-03 10:29:55.431 +00:00] [INF] [6] Jellyfin.Networking.Manager.NetworkManager: Using LAN addresses: "[10.0.0.0/8,172.16.0.0/12,192.168.0.0/16]"
[2023-06-03 10:29:55.439 +00:00] [INF] [6] Jellyfin.Networking.Manager.NetworkManager: Using bind addresses: "[]"
[2023-06-03 10:29:55.439 +00:00] [INF] [6] Jellyfin.Networking.Manager.NetworkManager: Using bind exclusions: "[]"
[2023-06-03 10:29:56.491 +00:00] [INF] [6] Jellyfin.Server.Implementations.JellyfinDbProvider: There are pending EFCore migrations in the database. Applying... (This may take a while, do not stop Jellyfin)
[2023-06-03 10:29:56.860 +00:00] [INF] [6] Jellyfin.Server.Implementations.JellyfinDbProvider: EFCore migrations applied successfully
[2023-06-03 10:29:57.290 +00:00] [INF] [6] Emby.Server.Implementations.AppBase.BaseConfigurationManager: Saving system configuration
[2023-06-03 10:29:57.291 +00:00] [INF] [6] Emby.Server.Implementations.AppBase.BaseConfigurationManager: Setting cache path: "/cache"
[2023-06-03 10:29:57.295 +00:00] [INF] [6] Emby.Server.Implementations.Plugins.PluginManager: Loaded plugin: "TMDb" "10.8.10.0"
[2023-06-03 10:29:57.295 +00:00] [INF] [6] Emby.Server.Implementations.Plugins.PluginManager: Loaded plugin: "Studio Images" "10.8.10.0"
[2023-06-03 10:29:57.296 +00:00] [INF] [6] Emby.Server.Implementations.Plugins.PluginManager: Loaded plugin: "OMDb" "10.8.10.0"
[2023-06-03 10:29:57.296 +00:00] [INF] [6] Emby.Server.Implementations.Plugins.PluginManager: Loaded plugin: "MusicBrainz" "10.8.10.0"
[2023-06-03 10:29:57.297 +00:00] [INF] [6] Emby.Server.Implementations.Plugins.PluginManager: Loaded plugin: "AudioDB" "10.8.10.0"
[2023-06-03 10:29:57.345 +00:00] [INF] [6] Jellyfin.Server.Migrations.MigrationRunner: Marking following migrations as applied because this is a fresh install: ["DisableTranscodingThrottling", "CreateLoggingConfigHeirarchy", "MigrateActivityLogDatabase", "RemoveDuplicateExtras", "MigrateUserDatabase", "MigrateDisplayPreferencesDatabase", "RemoveDownloadImagesInAdvance", "MigrateAuthenticationDatabase"]
[2023-06-03 10:29:57.345 +00:00] [INF] [6] Jellyfin.Server.Migrations.MigrationRunner: Applying migration '"AddDefaultPluginRepository"'
[2023-06-03 10:29:57.346 +00:00] [INF] [6] Emby.Server.Implementations.AppBase.BaseConfigurationManager: Saving system configuration
[2023-06-03 10:29:57.347 +00:00] [INF] [6] Emby.Server.Implementations.AppBase.BaseConfigurationManager: Setting cache path: "/cache"
[2023-06-03 10:29:57.347 +00:00] [INF] [6] Jellyfin.Server.Migrations.MigrationRunner: Migration '"AddDefaultPluginRepository"' applied successfully
[2023-06-03 10:29:57.354 +00:00] [INF] [6] Jellyfin.Server.Migrations.MigrationRunner: Applying migration '"ReaddDefaultPluginRepository"'
[2023-06-03 10:29:57.355 +00:00] [INF] [6] Jellyfin.Server.Migrations.MigrationRunner: Migration '"ReaddDefaultPluginRepository"' applied successfully
[2023-06-03 10:29:57.355 +00:00] [INF] [6] Jellyfin.Server.Migrations.MigrationRunner: Applying migration '"AddPeopleQueryIndex"'
[2023-06-03 10:29:57.356 +00:00] [INF] [6] Jellyfin.Server.Migrations.Routines.AddPeopleQueryIndex: Creating index idx_TypedBaseItemsUserDataKeyType
[2023-06-03 10:29:57.369 +00:00] [INF] [6] Jellyfin.Server.Migrations.Routines.AddPeopleQueryIndex: Creating index idx_PeopleNameListOrder
[2023-06-03 10:29:57.383 +00:00] [INF] [6] Jellyfin.Server.Migrations.MigrationRunner: Migration '"AddPeopleQueryIndex"' applied successfully
[2023-06-03 10:29:57.391 +00:00] [INF] [6] Main: Kestrel listening on "Any IP4 Address"
[2023-06-03 10:29:57.455 +00:00] [WRN] [6] Microsoft.AspNetCore.DataProtection.Repositories.EphemeralXmlRepository: Using an in-memory repository. Keys will not be persisted to storage.
[2023-06-03 10:29:57.455 +00:00] [WRN] [6] Microsoft.AspNetCore.DataProtection.KeyManagement.XmlKeyManager: Neither user profile nor HKLM registry available. Using an ephemeral key repository. Protected data will be unavailable when application exits.
[2023-06-03 10:29:57.694 +00:00] [WRN] [6] Microsoft.AspNetCore.DataProtection.KeyManagement.XmlKeyManager: No XML encryptor configured. Key {32cc9906-8d49-4f68-97a0-34916706d5f4} may be persisted to storage in unencrypted form.
[2023-06-03 10:29:57.720 +00:00] [INF] [6] Emby.Server.Implementations.ApplicationHost: Running startup tasks
[2023-06-03 10:29:57.750 +00:00] [INF] [6] Emby.Server.Implementations.ScheduledTasks.TaskManager: Daily trigger for "Extract Chapter Images" set to fire at 2023-06-04 02:00:00.000 +00:00, which is 15:30:02.2496066 from now.
[2023-06-03 10:29:57.860 +00:00] [INF] [6] MediaBrowser.MediaEncoding.Encoder.MediaEncoder: Found ffmpeg version "5.1.3"
[2023-06-03 10:29:57.906 +00:00] [INF] [6] MediaBrowser.MediaEncoding.Encoder.MediaEncoder: Available "decoders": ["libdav1d", "av1", "av1_cuvid", "av1_qsv", "h264", "h264_qsv", "h264_cuvid", "hevc", "hevc_qsv", "hevc_cuvid", "mpeg2video", "mpeg2_qsv", "mpeg2_cuvid", "mpeg4", "mpeg4_cuvid", "msmpeg4", "vc1_qsv", "vc1_cuvid", "vp8", "libvpx", "vp8_cuvid", "vp8_qsv", "vp9", "libvpx-vp9", "vp9_cuvid", "vp9_qsv", "aac", "ac3", "dca", "flac", "mp3", "truehd"]
[2023-06-03 10:29:57.932 +00:00] [INF] [6] MediaBrowser.MediaEncoding.Encoder.MediaEncoder: Available "encoders": ["libx264", "h264_amf", "h264_nvenc", "h264_qsv", "h264_v4l2m2m", "h264_vaapi", "libx265", "hevc_amf", "hevc_nvenc", "hevc_qsv", "hevc_vaapi", "mpeg4", "msmpeg4", "libvpx", "libvpx-vp9", "aac", "libfdk_aac", "ac3", "dca", "flac", "libmp3lame", "libopus", "truehd", "libvorbis", "srt"]
[2023-06-03 10:29:57.961 +00:00] [INF] [6] MediaBrowser.MediaEncoding.Encoder.MediaEncoder: Available filters: ["deinterlace_qsv", "deinterlace_vaapi", "hwupload_cuda", "hwupload_vaapi", "overlay_opencl", "overlay_qsv", "overlay_vaapi", "overlay_cuda", "procamp_vaapi", "scale_cuda", "scale_opencl", "scale_qsv", "scale_vaapi", "tonemap_cuda", "tonemap_opencl", "tonemap_vaapi", "vpp_qsv", "yadif_cuda", "zscale", "alphasrc"]
[2023-06-03 10:29:58.101 +00:00] [INF] [6] MediaBrowser.MediaEncoding.Encoder.MediaEncoder: Available hwaccel types: ["cuda", "vaapi", "qsv", "drm", "opencl", "vulkan"]
[2023-06-03 10:29:58.228 +00:00] [INF] [6] MediaBrowser.MediaEncoding.Encoder.MediaEncoder: FFmpeg: "/usr/lib/jellyfin-ffmpeg/ffmpeg"
[2023-06-03 10:29:58.229 +00:00] [INF] [6] Emby.Server.Implementations.ApplicationHost: ServerId: "a10e0144fffe4055918ace7695e0d7d7"
[2023-06-03 10:29:58.327 +00:00] [INF] [4] Emby.Server.Implementations.ApplicationHost: Executed all pre-startup entry points in 0:00:00.0899759
[2023-06-03 10:29:58.327 +00:00] [INF] [4] Emby.Server.Implementations.ApplicationHost: Core startup complete
[2023-06-03 10:29:58.481 +00:00] [INF] [4] Emby.Server.Implementations.ApplicationHost: Executed all post-startup entry points in 0:00:00.1542181
[2023-06-03 10:29:58.482 +00:00] [INF] [4] Main: Startup complete 0:00:03.5761377
[2023-06-03 10:30:00.749 +00:00] [INF] [16] Emby.Server.Implementations.ScheduledTasks.TaskManager: "StartupTrigger" fired for task: "Update Plugins"
[2023-06-03 10:30:00.750 +00:00] [INF] [16] Emby.Server.Implementations.ScheduledTasks.TaskManager: Queuing task "PluginUpdateTask"
[2023-06-03 10:30:00.753 +00:00] [INF] [4] Emby.Server.Implementations.ScheduledTasks.TaskManager: Executing "Update Plugins"
[2023-06-03 10:30:01.424 +00:00] [INF] [12] Emby.Server.Implementations.ScheduledTasks.TaskManager: "Update Plugins" Completed after 0 minute(s) and 0 seconds
[2023-06-03 10:30:01.438 +00:00] [INF] [12] Emby.Server.Implementations.ScheduledTasks.TaskManager: ExecuteQueuedTasks
[2023-06-03 10:30:25.047 +00:00] [WRN] [21] Microsoft.EntityFrameworkCore.Model.Validation: The entity type '"AccessSchedule"' is configured to use schema '"jellyfin"', but SQLite does not support schemas. This configuration will be ignored by the SQLite provider.
[2023-06-03 10:30:25.048 +00:00] [WRN] [21] Microsoft.EntityFrameworkCore.Model.Validation: The entity type '"ActivityLog"' is configured to use schema '"jellyfin"', but SQLite does not support schemas. This configuration will be ignored by the SQLite provider.
[2023-06-03 10:30:25.049 +00:00] [WRN] [21] Microsoft.EntityFrameworkCore.Model.Validation: The entity type '"CustomItemDisplayPreferences"' is configured to use schema '"jellyfin"', but SQLite does not support schemas. This configuration will be ignored by the SQLite provider.
[2023-06-03 10:30:25.049 +00:00] [WRN] [21] Microsoft.EntityFrameworkCore.Model.Validation: The entity type '"DisplayPreferences"' is configured to use schema '"jellyfin"', but SQLite does not support schemas. This configuration will be ignored by the SQLite provider.
[2023-06-03 10:30:25.049 +00:00] [WRN] [21] Microsoft.EntityFrameworkCore.Model.Validation: The entity type '"HomeSection"' is configured to use schema '"jellyfin"', but SQLite does not support schemas. This configuration will be ignored by the SQLite provider.
[2023-06-03 10:30:25.049 +00:00] [WRN] [21] Microsoft.EntityFrameworkCore.Model.Validation: The entity type '"ImageInfo"' is configured to use schema '"jellyfin"', but SQLite does not support schemas. This configuration will be ignored by the SQLite provider.
[2023-06-03 10:30:25.049 +00:00] [WRN] [21] Microsoft.EntityFrameworkCore.Model.Validation: The entity type '"ItemDisplayPreferences"' is configured to use schema '"jellyfin"', but SQLite does not support schemas. This configuration will be ignored by the SQLite provider.
[2023-06-03 10:30:25.049 +00:00] [WRN] [21] Microsoft.EntityFrameworkCore.Model.Validation: The entity type '"Permission"' is configured to use schema '"jellyfin"', but SQLite does not support schemas. This configuration will be ignored by the SQLite provider.
[2023-06-03 10:30:25.049 +00:00] [WRN] [21] Microsoft.EntityFrameworkCore.Model.Validation: The entity type '"Preference"' is configured to use schema '"jellyfin"', but SQLite does not support schemas. This configuration will be ignored by the SQLite provider.
[2023-06-03 10:30:25.049 +00:00] [WRN] [21] Microsoft.EntityFrameworkCore.Model.Validation: The entity type '"ApiKey"' is configured to use schema '"jellyfin"', but SQLite does not support schemas. This configuration will be ignored by the SQLite provider.
[2023-06-03 10:30:25.049 +00:00] [WRN] [21] Microsoft.EntityFrameworkCore.Model.Validation: The entity type '"Device"' is configured to use schema '"jellyfin"', but SQLite does not support schemas. This configuration will be ignored by the SQLite provider.
[2023-06-03 10:30:25.049 +00:00] [WRN] [21] Microsoft.EntityFrameworkCore.Model.Validation: The entity type '"DeviceOptions"' is configured to use schema '"jellyfin"', but SQLite does not support schemas. This configuration will be ignored by the SQLite provider.
[2023-06-03 10:30:25.049 +00:00] [WRN] [21] Microsoft.EntityFrameworkCore.Model.Validation: The entity type '"User"' is configured to use schema '"jellyfin"', but SQLite does not support schemas. This configuration will be ignored by the SQLite provider.
[2023-06-03 11:29:57.742 +00:00] [INF] [124] Emby.Server.Implementations.ScheduledTasks.TaskManager: "IntervalTrigger" fired for task: "Download missing subtitles"
[2023-06-03 11:29:57.742 +00:00] [INF] [118] Emby.Server.Implementations.ScheduledTasks.TaskManager: "IntervalTrigger" fired for task: "TasksRefreshChannels"
[2023-06-03 11:29:57.742 +00:00] [INF] [120] Emby.Server.Implementations.ScheduledTasks.TaskManager: "IntervalTrigger" fired for task: "Update Plugins"
[2023-06-03 11:29:57.742 +00:00] [INF] [115] Emby.Server.Implementations.ScheduledTasks.TaskManager: "IntervalTrigger" fired for task: "Scan Media Library"
[2023-06-03 11:29:57.742 +00:00] [INF] [122] Emby.Server.Implementations.ScheduledTasks.TaskManager: "IntervalTrigger" fired for task: "Clean Transcode Directory"
[2023-06-03 11:29:57.742 +00:00] [INF] [123] Emby.Server.Implementations.ScheduledTasks.TaskManager: "IntervalTrigger" fired for task: "Clean Cache Directory"
[2023-06-03 11:29:57.742 +00:00] [INF] [117] Emby.Server.Implementations.ScheduledTasks.TaskManager: "IntervalTrigger" fired for task: "Clean Log Directory"
[2023-06-03 11:29:57.742 +00:00] [INF] [117] Emby.Server.Implementations.ScheduledTasks.TaskManager: Queuing task "DeleteLogFileTask"
[2023-06-03 11:29:57.742 +00:00] [INF] [122] Emby.Server.Implementations.ScheduledTasks.TaskManager: Queuing task "DeleteTranscodeFileTask"
[2023-06-03 11:29:57.742 +00:00] [INF] [123] Emby.Server.Implementations.ScheduledTasks.TaskManager: Queuing task "DeleteCacheFileTask"
[2023-06-03 11:29:57.742 +00:00] [INF] [120] Emby.Server.Implementations.ScheduledTasks.TaskManager: Queuing task "PluginUpdateTask"
[2023-06-03 11:29:57.742 +00:00] [INF] [124] Emby.Server.Implementations.ScheduledTasks.TaskManager: Queuing task "SubtitleScheduledTask"
[2023-06-03 11:29:57.742 +00:00] [INF] [118] Emby.Server.Implementations.ScheduledTasks.TaskManager: Queuing task "RefreshChannelsScheduledTask"
[2023-06-03 11:29:57.742 +00:00] [INF] [115] Emby.Server.Implementations.ScheduledTasks.TaskManager: Queuing task "RefreshMediaLibraryTask"
[2023-06-03 11:29:57.742 +00:00] [INF] [108] Emby.Server.Implementations.ScheduledTasks.TaskManager: "IntervalTrigger" fired for task: "Refresh People"
[2023-06-03 11:29:57.742 +00:00] [INF] [108] Emby.Server.Implementations.ScheduledTasks.TaskManager: Queuing task "PeopleValidationTask"
[2023-06-03 11:29:57.743 +00:00] [INF] [120] Emby.Server.Implementations.ScheduledTasks.TaskManager: Executing "Update Plugins"
[2023-06-03 11:29:57.743 +00:00] [INF] [121] Emby.Server.Implementations.ScheduledTasks.TaskManager: "IntervalTrigger" fired for task: "Refresh Guide"
[2023-06-03 11:29:57.743 +00:00] [INF] [123] Emby.Server.Implementations.ScheduledTasks.TaskManager: Executing "Clean Cache Directory"
[2023-06-03 11:29:57.743 +00:00] [INF] [121] Emby.Server.Implementations.ScheduledTasks.TaskManager: Queuing task "RefreshGuideScheduledTask"
[2023-06-03 11:29:57.743 +00:00] [INF] [125] Emby.Server.Implementations.ScheduledTasks.TaskManager: Executing "Clean Log Directory"
[2023-06-03 11:29:57.743 +00:00] [INF] [117] Emby.Server.Implementations.ScheduledTasks.TaskManager: Executing "Download missing subtitles"
[2023-06-03 11:29:57.743 +00:00] [INF] [108] Emby.Server.Implementations.ScheduledTasks.TaskManager: Executing "Scan Media Library"
[2023-06-03 11:29:57.743 +00:00] [INF] [122] Emby.Server.Implementations.ScheduledTasks.TaskManager: Executing "Clean Transcode Directory"
[2023-06-03 11:29:57.743 +00:00] [INF] [124] Emby.Server.Implementations.ScheduledTasks.TaskManager: Executing "Refresh People"
[2023-06-03 11:29:57.743 +00:00] [INF] [127] Emby.Server.Implementations.ScheduledTasks.TaskManager: Executing "Refresh Guide"
[2023-06-03 11:29:57.743 +00:00] [INF] [121] Emby.Server.Implementations.ScheduledTasks.TaskManager: Executing "TasksRefreshChannels"
[2023-06-03 11:29:57.743 +00:00] [INF] [119] Emby.Server.Implementations.ScheduledTasks.TaskManager: "IntervalTrigger" fired for task: "Optimize database"
[2023-06-03 11:29:57.743 +00:00] [INF] [119] Emby.Server.Implementations.ScheduledTasks.TaskManager: Queuing task "OptimizeDatabaseTask"
[2023-06-03 11:29:57.743 +00:00] [INF] [118] Emby.Server.Implementations.ScheduledTasks.TaskManager: Executing "Optimize database"
[2023-06-03 11:29:57.748 +00:00] [INF] [118] Emby.Server.Implementations.ScheduledTasks.Tasks.OptimizeDatabaseTask: Optimizing and vacuuming jellyfin.db...
[2023-06-03 11:29:57.752 +00:00] [INF] [122] Emby.Server.Implementations.ScheduledTasks.TaskManager: "Clean Transcode Directory" Completed after 0 minute(s) and 0 seconds
[2023-06-03 11:29:57.752 +00:00] [INF] [125] Emby.Server.Implementations.ScheduledTasks.TaskManager: "Clean Log Directory" Completed after 0 minute(s) and 0 seconds
[2023-06-03 11:29:57.752 +00:00] [INF] [123] Emby.Server.Implementations.ScheduledTasks.TaskManager: "Clean Cache Directory" Completed after 0 minute(s) and 0 seconds
[2023-06-03 11:29:57.755 +00:00] [INF] [125] Emby.Server.Implementations.ScheduledTasks.TaskManager: ExecuteQueuedTasks
[2023-06-03 11:29:57.755 +00:00] [INF] [123] Emby.Server.Implementations.ScheduledTasks.TaskManager: ExecuteQueuedTasks
[2023-06-03 11:29:57.755 +00:00] [INF] [122] Emby.Server.Implementations.ScheduledTasks.TaskManager: ExecuteQueuedTasks
[2023-06-03 11:29:57.771 +00:00] [INF] [108] Emby.Server.Implementations.Library.LibraryManager: Validating media library
[2023-06-03 11:29:57.798 +00:00] [INF] [117] Emby.Server.Implementations.ScheduledTasks.TaskManager: "Download missing subtitles" Completed after 0 minute(s) and 0 seconds
[2023-06-03 11:29:57.799 +00:00] [INF] [117] Emby.Server.Implementations.ScheduledTasks.TaskManager: ExecuteQueuedTasks
[2023-06-03 11:29:57.815 +00:00] [INF] [121] Emby.Server.Implementations.ScheduledTasks.TaskManager: "TasksRefreshChannels" Completed after 0 minute(s) and 0 seconds
[2023-06-03 11:29:57.815 +00:00] [INF] [124] Emby.Server.Implementations.Library.LibraryManager: People validation complete
[2023-06-03 11:29:57.815 +00:00] [INF] [124] Emby.Server.Implementations.ScheduledTasks.TaskManager: "Refresh People" Completed after 0 minute(s) and 0 seconds
[2023-06-03 11:29:57.815 +00:00] [INF] [121] Emby.Server.Implementations.ScheduledTasks.TaskManager: ExecuteQueuedTasks
[2023-06-03 11:29:57.828 +00:00] [INF] [124] Emby.Server.Implementations.ScheduledTasks.TaskManager: ExecuteQueuedTasks
[2023-06-03 11:29:57.888 +00:00] [INF] [118] Emby.Server.Implementations.ScheduledTasks.Tasks.OptimizeDatabaseTask: jellyfin.db optimized successfully!
[2023-06-03 11:29:57.888 +00:00] [INF] [118] Emby.Server.Implementations.ScheduledTasks.TaskManager: "Optimize database" Completed after 0 minute(s) and 0 seconds
[2023-06-03 11:29:57.888 +00:00] [INF] [118] Emby.Server.Implementations.ScheduledTasks.TaskManager: ExecuteQueuedTasks
[2023-06-03 11:29:58.050 +00:00] [ERR] [127] Emby.Server.Implementations.Library.LibraryManager: Error running post-scan task
System.ArgumentException: Not enough valid pictures provided to create a splashscreen!
   at Jellyfin.Drawing.Skia.SplashscreenBuilder.GenerateCollage(IReadOnlyList`1 posters, IReadOnlyList`1 backdrops)
   at Jellyfin.Drawing.Skia.SplashscreenBuilder.GenerateSplash(IReadOnlyList`1 posters, IReadOnlyList`1 backdrops, String outputPath)
   at Jellyfin.Drawing.Skia.SkiaEncoder.CreateSplashscreen(IReadOnlyList`1 posters, IReadOnlyList`1 backdrops)
   at Emby.Server.Implementations.Library.SplashscreenPostScanTask.Run(IProgress`1 progress, CancellationToken cancellationToken)
   at Emby.Server.Implementations.Library.LibraryManager.RunPostScanTasks(IProgress`1 progress, CancellationToken cancellationToken)
[2023-06-03 11:29:58.077 +00:00] [INF] [127] Emby.Server.Implementations.ScheduledTasks.TaskManager: "Scan Media Library" Completed after 0 minute(s) and 0 seconds
[2023-06-03 11:29:58.077 +00:00] [INF] [127] Emby.Server.Implementations.ScheduledTasks.TaskManager: ExecuteQueuedTasks
[2023-06-03 11:29:58.277 +00:00] [INF] [124] Emby.Server.Implementations.ScheduledTasks.TaskManager: "Update Plugins" Completed after 0 minute(s) and 0 seconds
[2023-06-03 11:29:58.277 +00:00] [INF] [124] Emby.Server.Implementations.ScheduledTasks.TaskManager: ExecuteQueuedTasks
[2023-06-03 11:30:00.913 +00:00] [INF] [121] Emby.Server.Implementations.LiveTv.LiveTvManager: Refreshing guide with 7 days of guide data
[2023-06-03 11:30:00.920 +00:00] [INF] [121] Emby.Server.Implementations.ScheduledTasks.TaskManager: "Refresh Guide" Completed after 0 minute(s) and 3 seconds
[2023-06-03 11:30:00.920 +00:00] [INF] [121] Emby.Server.Implementations.ScheduledTasks.TaskManager: ExecuteQueuedTasks
[2023-06-03 12:05:29.334 +00:00] [INF] [2] Main: Received a SIGTERM signal, shutting down
[2023-06-03 12:05:29.335 +00:00] [INF] [2] Main: Running query planner optimizations in the database... This might take a while
[2023-06-03 12:05:29.346 +00:00] [INF] [2] Emby.Server.Implementations.ApplicationHost: Disposing "CoreAppHost"
[2023-06-03 12:05:29.347 +00:00] [INF] [2] Emby.Server.Implementations.ApplicationHost: Disposing "NotificationEntryPoint"
[2023-06-03 12:05:29.348 +00:00] [INF] [2] Emby.Server.Implementations.ApplicationHost: Disposing "UdpServerEntryPoint"
[2023-06-03 12:05:29.348 +00:00] [INF] [2] Emby.Server.Implementations.ApplicationHost: Disposing "DeviceAccessEntryPoint"
[2023-06-03 12:05:29.349 +00:00] [INF] [2] Emby.Server.Implementations.ApplicationHost: Disposing "LibraryChangedNotifier"
[2023-06-03 12:05:29.350 +00:00] [INF] [2] Emby.Server.Implementations.ApplicationHost: Disposing "ExternalPortForwarding"
[2023-06-03 12:05:29.351 +00:00] [INF] [2] Emby.Server.Implementations.EntryPoints.ExternalPortForwarding: Stopping NAT discovery
[2023-06-03 12:05:29.354 +00:00] [INF] [2] Emby.Server.Implementations.ApplicationHost: Disposing "DlnaEntryPoint"
[2023-06-03 12:05:29.354 +00:00] [INF] [2] Emby.Dlna.Main.DlnaEntryPoint: Disposing PlayToManager
[2023-06-03 12:05:29.355 +00:00] [INF] [2] Emby.Dlna.Main.DlnaEntryPoint: Disposing DeviceDiscovery
[2023-06-03 12:05:29.355 +00:00] [INF] [2] Emby.Dlna.Main.DlnaEntryPoint: Disposing SsdpCommunicationsServer
[2023-06-03 12:05:29.356 +00:00] [INF] [2] Emby.Dlna.Main.DlnaEntryPoint: "SsdpCommunicationsServer" disposing _BroadcastListenSocket
[2023-06-03 12:05:29.357 +00:00] [INF] [2] Emby.Dlna.Main.DlnaEntryPoint: "SsdpCommunicationsServer" Disposing 3 sendSockets
[2023-06-03 12:05:29.357 +00:00] [INF] [2] Emby.Dlna.Main.DlnaEntryPoint: "SsdpCommunicationsServer" disposing sendSocket from "0.0.0.0"
[2023-06-03 12:05:29.357 +00:00] [INF] [2] Emby.Dlna.Main.DlnaEntryPoint: "SsdpCommunicationsServer" disposing sendSocket from "192.168.65.4"
[2023-06-03 12:05:29.357 +00:00] [INF] [2] Emby.Dlna.Main.DlnaEntryPoint: "SsdpCommunicationsServer" disposing sendSocket from "127.0.0.1"
[2023-06-03 12:05:29.357 +00:00] [INF] [2] Emby.Server.Implementations.ApplicationHost: Disposing "EmbyTV"
[2023-06-03 12:05:29.358 +00:00] [INF] [2] Emby.Server.Implementations.ApplicationHost: Disposing "UserDataChangeNotifier"
[2023-06-03 12:05:29.358 +00:00] [INF] [2] Emby.Server.Implementations.ApplicationHost: Disposing "MusicBrainzAlbumProvider"
[2023-06-03 12:05:29.359 +00:00] [INF] [2] Emby.Server.Implementations.ApplicationHost: Disposing "RecordingNotifier"
[2023-06-03 12:05:29.360 +00:00] [INF] [2] Emby.Server.Implementations.ApplicationHost: Disposing "LibraryMonitorStartup"
[2023-06-03 12:05:29.360 +00:00] [INF] [2] Emby.Server.Implementations.ApplicationHost: Disposing "EntryPoint"
[2023-06-03 12:05:29.360 +00:00] [INF] [2] Emby.Server.Implementations.ApplicationHost: Disposing "SchedulesDirect"
[2023-06-03 12:05:29.360 +00:00] [INF] [2] Emby.Server.Implementations.ApplicationHost: Disposing "EntryPoint"
[2023-06-03 12:13:47.536 +00:00] [INF] [1] Main: Jellyfin version: "10.8.10"
[2023-06-03 12:13:47.552 +00:00] [INF] [1] Main: Environment Variables: ["[JELLYFIN_FFMPEG, /usr/lib/jellyfin-ffmpeg/ffmpeg]", "[DOTNET_SYSTEM_GLOBALIZATION_INVARIANT, 1]", "[JELLYFIN_LOG_DIR, /config/log]", "[JELLYFIN_CACHE_DIR, /cache]", "[JELLYFIN_CONFIG_DIR, /config/config]", "[JELLYFIN_WEB_DIR, /jellyfin/jellyfin-web]", "[JELLYFIN_DATA_DIR, /config]"]
[2023-06-03 12:13:47.554 +00:00] [INF] [1] Main: Arguments: ["/jellyfin/jellyfin.dll"]
[2023-06-03 12:13:47.556 +00:00] [INF] [1] Main: Operating system: "Linux"
[2023-06-03 12:13:47.556 +00:00] [INF] [1] Main: Architecture: X64
[2023-06-03 12:13:47.557 +00:00] [INF] [1] Main: 64-Bit Process: True
[2023-06-03 12:13:47.558 +00:00] [INF] [1] Main: User Interactive: True
[2023-06-03 12:13:47.558 +00:00] [INF] [1] Main: Processor count: 12
[2023-06-03 12:13:47.558 +00:00] [INF] [1] Main: Program data path: "/config"
[2023-06-03 12:13:47.558 +00:00] [INF] [1] Main: Web resources path: "/jellyfin/jellyfin-web"
[2023-06-03 12:13:47.558 +00:00] [INF] [1] Main: Application directory: "/jellyfin/"
[2023-06-03 12:13:47.723 +00:00] [INF] [1] Jellyfin.Server.Migrations.MigrationRunner: Applying migration '"CreateNetworkConfiguration"'
[2023-06-03 12:13:47.751 +00:00] [INF] [1] Jellyfin.Server.Migrations.MigrationRunner: Migration '"CreateNetworkConfiguration"' applied successfully
[2023-06-03 12:13:47.778 +00:00] [INF] [1] Emby.Server.Implementations.AppBase.BaseConfigurationManager: Setting cache path: "/cache"
[2023-06-03 12:13:47.791 +00:00] [INF] [1] Emby.Server.Implementations.ApplicationHost: Loading assemblies
[2023-06-03 12:13:47.858 +00:00] [INF] [1] Jellyfin.Networking.Manager.NetworkManager: Defined LAN addresses : "[10.0.0.0/8,172.16.0.0/12,192.168.0.0/16]"
[2023-06-03 12:13:47.858 +00:00] [INF] [1] Jellyfin.Networking.Manager.NetworkManager: Defined LAN exclusions : "[]"
[2023-06-03 12:13:47.858 +00:00] [INF] [1] Jellyfin.Networking.Manager.NetworkManager: Using LAN addresses: "[10.0.0.0/8,172.16.0.0/12,192.168.0.0/16]"
[2023-06-03 12:13:47.866 +00:00] [INF] [1] Jellyfin.Networking.Manager.NetworkManager: Using bind addresses: "[]"
[2023-06-03 12:13:47.866 +00:00] [INF] [1] Jellyfin.Networking.Manager.NetworkManager: Using bind exclusions: "[]"
[2023-06-03 12:13:49.142 +00:00] [INF] [1] Emby.Server.Implementations.Plugins.PluginManager: Loaded plugin: "TMDb" "10.8.10.0"
[2023-06-03 12:13:49.142 +00:00] [INF] [1] Emby.Server.Implementations.Plugins.PluginManager: Loaded plugin: "Studio Images" "10.8.10.0"
[2023-06-03 12:13:49.143 +00:00] [INF] [1] Emby.Server.Implementations.Plugins.PluginManager: Loaded plugin: "OMDb" "10.8.10.0"
[2023-06-03 12:13:49.144 +00:00] [INF] [1] Emby.Server.Implementations.Plugins.PluginManager: Loaded plugin: "MusicBrainz" "10.8.10.0"
[2023-06-03 12:13:49.144 +00:00] [INF] [1] Emby.Server.Implementations.Plugins.PluginManager: Loaded plugin: "AudioDB" "10.8.10.0"
[2023-06-03 12:13:49.197 +00:00] [INF] [1] Main: Kestrel listening on "Any IP4 Address"
[2023-06-03 12:13:49.237 +00:00] [WRN] [1] Microsoft.AspNetCore.DataProtection.Repositories.EphemeralXmlRepository: Using an in-memory repository. Keys will not be persisted to storage.
[2023-06-03 12:13:49.237 +00:00] [WRN] [1] Microsoft.AspNetCore.DataProtection.KeyManagement.XmlKeyManager: Neither user profile nor HKLM registry available. Using an ephemeral key repository. Protected data will be unavailable when application exits.
[2023-06-03 12:13:49.446 +00:00] [WRN] [1] Microsoft.AspNetCore.DataProtection.KeyManagement.XmlKeyManager: No XML encryptor configured. Key {54b58aa8-dfdc-489d-97ac-5d879808567f} may be persisted to storage in unencrypted form.
[2023-06-03 12:13:49.462 +00:00] [INF] [1] Emby.Server.Implementations.ApplicationHost: Running startup tasks
[2023-06-03 12:13:49.500 +00:00] [INF] [1] Emby.Server.Implementations.ScheduledTasks.TaskManager: Daily trigger for "Extract Chapter Images" set to fire at 2023-06-04 02:00:00.000 +00:00, which is 13:46:10.4996157 from now.
[2023-06-03 12:13:49.554 +00:00] [INF] [1] MediaBrowser.MediaEncoding.Encoder.MediaEncoder: Found ffmpeg version "5.1.3"
[2023-06-03 12:13:49.595 +00:00] [INF] [1] MediaBrowser.MediaEncoding.Encoder.MediaEncoder: Available "decoders": ["libdav1d", "av1", "av1_cuvid", "av1_qsv", "h264", "h264_qsv", "h264_cuvid", "hevc", "hevc_qsv", "hevc_cuvid", "mpeg2video", "mpeg2_qsv", "mpeg2_cuvid", "mpeg4", "mpeg4_cuvid", "msmpeg4", "vc1_qsv", "vc1_cuvid", "vp8", "libvpx", "vp8_cuvid", "vp8_qsv", "vp9", "libvpx-vp9", "vp9_cuvid", "vp9_qsv", "aac", "ac3", "dca", "flac", "mp3", "truehd"]
[2023-06-03 12:13:49.624 +00:00] [INF] [1] MediaBrowser.MediaEncoding.Encoder.MediaEncoder: Available "encoders": ["libx264", "h264_amf", "h264_nvenc", "h264_qsv", "h264_v4l2m2m", "h264_vaapi", "libx265", "hevc_amf", "hevc_nvenc", "hevc_qsv", "hevc_vaapi", "mpeg4", "msmpeg4", "libvpx", "libvpx-vp9", "aac", "libfdk_aac", "ac3", "dca", "flac", "libmp3lame", "libopus", "truehd", "libvorbis", "srt"]
[2023-06-03 12:13:49.657 +00:00] [INF] [1] MediaBrowser.MediaEncoding.Encoder.MediaEncoder: Available filters: ["deinterlace_qsv", "deinterlace_vaapi", "hwupload_cuda", "hwupload_vaapi", "overlay_opencl", "overlay_qsv", "overlay_vaapi", "overlay_cuda", "procamp_vaapi", "scale_cuda", "scale_opencl", "scale_qsv", "scale_vaapi", "tonemap_cuda", "tonemap_opencl", "tonemap_vaapi", "vpp_qsv", "yadif_cuda", "zscale", "alphasrc"]
[2023-06-03 12:13:49.808 +00:00] [INF] [1] MediaBrowser.MediaEncoding.Encoder.MediaEncoder: Available hwaccel types: ["cuda", "vaapi", "qsv", "drm", "opencl", "vulkan"]
[2023-06-03 12:13:49.925 +00:00] [INF] [1] MediaBrowser.MediaEncoding.Encoder.MediaEncoder: FFmpeg: "/usr/lib/jellyfin-ffmpeg/ffmpeg"
[2023-06-03 12:13:49.926 +00:00] [INF] [1] Emby.Server.Implementations.ApplicationHost: ServerId: "a10e0144fffe4055918ace7695e0d7d7"
[2023-06-03 12:13:49.997 +00:00] [INF] [1] Emby.Server.Implementations.ApplicationHost: Executed all pre-startup entry points in 0:00:00.0645568
[2023-06-03 12:13:49.998 +00:00] [INF] [1] Emby.Server.Implementations.ApplicationHost: Core startup complete
[2023-06-03 12:13:50.097 +00:00] [INF] [1] Emby.Server.Implementations.ApplicationHost: Executed all post-startup entry points in 0:00:00.0989007
[2023-06-03 12:13:50.097 +00:00] [INF] [1] Main: Startup complete 0:00:02.7568271
[2023-06-03 12:13:52.505 +00:00] [INF] [11] Emby.Server.Implementations.ScheduledTasks.TaskManager: "StartupTrigger" fired for task: "Update Plugins"
[2023-06-03 12:13:52.506 +00:00] [INF] [11] Emby.Server.Implementations.ScheduledTasks.TaskManager: Queuing task "PluginUpdateTask"
[2023-06-03 12:13:52.510 +00:00] [INF] [13] Emby.Server.Implementations.ScheduledTasks.TaskManager: Executing "Update Plugins"
[2023-06-03 12:13:53.111 +00:00] [INF] [11] Emby.Server.Implementations.ScheduledTasks.TaskManager: "Update Plugins" Completed after 0 minute(s) and 0 seconds
[2023-06-03 12:13:53.117 +00:00] [INF] [11] Emby.Server.Implementations.ScheduledTasks.TaskManager: ExecuteQueuedTasks
[2023-06-03 12:14:17.322 +00:00] [INF] [14] Emby.Server.Implementations.AppBase.BaseConfigurationManager: Saving system configuration
[2023-06-03 12:14:17.325 +00:00] [INF] [14] Emby.Server.Implementations.AppBase.BaseConfigurationManager: Setting cache path: "/cache"
[2023-06-03 12:14:17.327 +00:00] [INF] [19] Emby.Server.Implementations.EntryPoints.ExternalPortForwarding: Stopping NAT discovery
[2023-06-03 12:14:17.361 +00:00] [WRN] [15] Microsoft.EntityFrameworkCore.Model.Validation: The entity type '"AccessSchedule"' is configured to use schema '"jellyfin"', but SQLite does not support schemas. This configuration will be ignored by the SQLite provider.
[2023-06-03 12:14:17.362 +00:00] [WRN] [15] Microsoft.EntityFrameworkCore.Model.Validation: The entity type '"ActivityLog"' is configured to use schema '"jellyfin"', but SQLite does not support schemas. This configuration will be ignored by the SQLite provider.
[2023-06-03 12:14:17.362 +00:00] [WRN] [15] Microsoft.EntityFrameworkCore.Model.Validation: The entity type '"CustomItemDisplayPreferences"' is configured to use schema '"jellyfin"', but SQLite does not support schemas. This configuration will be ignored by the SQLite provider.
[2023-06-03 12:14:17.362 +00:00] [WRN] [15] Microsoft.EntityFrameworkCore.Model.Validation: The entity type '"DisplayPreferences"' is configured to use schema '"jellyfin"', but SQLite does not support schemas. This configuration will be ignored by the SQLite provider.
[2023-06-03 12:14:17.362 +00:00] [WRN] [15] Microsoft.EntityFrameworkCore.Model.Validation: The entity type '"HomeSection"' is configured to use schema '"jellyfin"', but SQLite does not support schemas. This configuration will be ignored by the SQLite provider.
[2023-06-03 12:14:17.362 +00:00] [WRN] [15] Microsoft.EntityFrameworkCore.Model.Validation: The entity type '"ImageInfo"' is configured to use schema '"jellyfin"', but SQLite does not support schemas. This configuration will be ignored by the SQLite provider.
[2023-06-03 12:14:17.362 +00:00] [WRN] [15] Microsoft.EntityFrameworkCore.Model.Validation: The entity type '"ItemDisplayPreferences"' is configured to use schema '"jellyfin"', but SQLite does not support schemas. This configuration will be ignored by the SQLite provider.
[2023-06-03 12:14:17.362 +00:00] [WRN] [15] Microsoft.EntityFrameworkCore.Model.Validation: The entity type '"Permission"' is configured to use schema '"jellyfin"', but SQLite does not support schemas. This configuration will be ignored by the SQLite provider.
[2023-06-03 12:14:17.362 +00:00] [WRN] [15] Microsoft.EntityFrameworkCore.Model.Validation: The entity type '"Preference"' is configured to use schema '"jellyfin"', but SQLite does not support schemas. This configuration will be ignored by the SQLite provider.
[2023-06-03 12:14:17.362 +00:00] [WRN] [15] Microsoft.EntityFrameworkCore.Model.Validation: The entity type '"ApiKey"' is configured to use schema '"jellyfin"', but SQLite does not support schemas. This configuration will be ignored by the SQLite provider.
[2023-06-03 12:14:17.362 +00:00] [WRN] [15] Microsoft.EntityFrameworkCore.Model.Validation: The entity type '"Device"' is configured to use schema '"jellyfin"', but SQLite does not support schemas. This configuration will be ignored by the SQLite provider.
[2023-06-03 12:14:17.362 +00:00] [WRN] [15] Microsoft.EntityFrameworkCore.Model.Validation: The entity type '"DeviceOptions"' is configured to use schema '"jellyfin"', but SQLite does not support schemas. This configuration will be ignored by the SQLite provider.
[2023-06-03 12:14:17.362 +00:00] [WRN] [15] Microsoft.EntityFrameworkCore.Model.Validation: The entity type '"User"' is configured to use schema '"jellyfin"', but SQLite does not support schemas. This configuration will be ignored by the SQLite provider.
[2023-06-03 12:14:17.432 +00:00] [WRN] [23] Jellyfin.Server.Implementations.Users.UserManager: No users, creating one with username "MyJellyfinUser"
[2023-06-03 12:14:18.052 +00:00] [WRN] [23] Jellyfin.Server.Middleware.ResponseTimeMiddleware: Slow HTTP Response from "http://localhost:8096/Startup/User" to "172.19.0.1" in 0:00:00.6291838 with Status Code 200
[2023-06-03 12:16:35.579 +00:00] [ERR] [39] Jellyfin.Server.Middleware.ExceptionMiddleware: Error processing request: "Could not find a part of the path '/\"/\"'". URL "GET" "/Environment/DirectoryContents".
[2023-06-03 12:16:42.645 +00:00] [WRN] [39] Jellyfin.Server.Middleware.ResponseTimeMiddleware: Slow HTTP Response from "http://localhost:8096/Library/VirtualFolders?collectionType=movies&refreshLibrary=false&name=Films" to "172.19.0.1" in 0:00:01.0565572 with Status Code 204
[2023-06-03 12:16:50.687 +00:00] [INF] [31] Emby.Server.Implementations.AppBase.BaseConfigurationManager: Saving system configuration
[2023-06-03 12:16:50.688 +00:00] [INF] [31] Emby.Server.Implementations.AppBase.BaseConfigurationManager: Setting cache path: "/cache"
[2023-06-03 12:17:20.080 +00:00] [INF] [44] Jellyfin.Networking.Manager.NetworkManager: Defined LAN addresses : "[10.0.0.0/8,172.16.0.0/12,192.168.0.0/16]"
[2023-06-03 12:17:20.080 +00:00] [INF] [44] Jellyfin.Networking.Manager.NetworkManager: Defined LAN exclusions : "[]"
[2023-06-03 12:17:20.080 +00:00] [INF] [44] Jellyfin.Networking.Manager.NetworkManager: Using LAN addresses: "[10.0.0.0/8,172.16.0.0/12,192.168.0.0/16]"
[2023-06-03 12:17:20.080 +00:00] [INF] [44] Jellyfin.Networking.Manager.NetworkManager: Using bind addresses: "[]"
[2023-06-03 12:17:20.080 +00:00] [INF] [44] Jellyfin.Networking.Manager.NetworkManager: Using bind exclusions: "[]"
[2023-06-03 12:17:22.107 +00:00] [INF] [44] Emby.Server.Implementations.AppBase.BaseConfigurationManager: Saving system configuration
[2023-06-03 12:17:22.108 +00:00] [INF] [44] Emby.Server.Implementations.AppBase.BaseConfigurationManager: Setting cache path: "/cache"
[2023-06-03 12:17:22.110 +00:00] [INF] [39] Emby.Server.Implementations.ScheduledTasks.TaskManager: Queuing task "RefreshMediaLibraryTask"
[2023-06-03 12:17:22.110 +00:00] [INF] [47] Emby.Server.Implementations.ScheduledTasks.TaskManager: Executing "Scanner la médiathèque"
[2023-06-03 12:17:22.114 +00:00] [INF] [47] Emby.Server.Implementations.Library.LibraryManager: Validating media library
[2023-06-03 12:17:22.672 +00:00] [ERR] [44] Emby.Server.Implementations.Library.LibraryManager: Error running post-scan task
System.ArgumentException: Not enough valid pictures provided to create a splashscreen!
   at Jellyfin.Drawing.Skia.SplashscreenBuilder.GenerateCollage(IReadOnlyList`1 posters, IReadOnlyList`1 backdrops)
   at Jellyfin.Drawing.Skia.SplashscreenBuilder.GenerateSplash(IReadOnlyList`1 posters, IReadOnlyList`1 backdrops, String outputPath)
   at Jellyfin.Drawing.Skia.SkiaEncoder.CreateSplashscreen(IReadOnlyList`1 posters, IReadOnlyList`1 backdrops)
   at Emby.Server.Implementations.Library.SplashscreenPostScanTask.Run(IProgress`1 progress, CancellationToken cancellationToken)
   at Emby.Server.Implementations.Library.LibraryManager.RunPostScanTasks(IProgress`1 progress, CancellationToken cancellationToken)
[2023-06-03 12:17:22.721 +00:00] [INF] [44] Emby.Server.Implementations.ScheduledTasks.TaskManager: "Scanner la médiathèque" Completed after 0 minute(s) and 0 seconds
[2023-06-03 12:17:22.722 +00:00] [INF] [39] Emby.Server.Implementations.IO.LibraryMonitor: Watching directory "/media"
[2023-06-03 12:17:22.722 +00:00] [INF] [44] Emby.Server.Implementations.ScheduledTasks.TaskManager: ExecuteQueuedTasks
[2023-06-03 12:17:31.638 +00:00] [INF] [44] Jellyfin.Server.Implementations.Users.UserManager: Authentication request for "Floyd" has succeeded.
[2023-06-03 12:17:31.639 +00:00] [INF] [44] Emby.Server.Implementations.Session.SessionManager: Current/Max sessions for user "Floyd": 0/0
[2023-06-03 12:17:31.698 +00:00] [INF] [44] Emby.Server.Implementations.Session.SessionManager: Creating new access token for user 1bedffae-1b09-42fe-a425-6d7f6bed1fa9
[2023-06-03 12:17:31.917 +00:00] [INF] [47] Emby.Server.Implementations.HttpServer.WebSocketManager: WS "172.19.0.1" request
[2023-06-03 12:19:04.401 +00:00] [WRN] [43] Jellyfin.Server.Middleware.ResponseTimeMiddleware: Slow HTTP Response from "http://localhost:8096/Items/39c15f0f54a963a15cb4d53d74b6168f/Images/Backdrop/0?maxWidth=1920&tag=cf652aeb1dda9e81cd4c5fbf9ea99703&quality=80" to "172.19.0.1" in 0:00:00.6915764 with Status Code 200
[2023-06-03 12:19:31.923 +00:00] [INF] [8] Emby.Server.Implementations.IO.LibraryMonitor: "The Magnificent Seven" ("/media/Seven [1080p] MULTi 1995 BluRay x264-Pop (Se7en) .mkv") will be refreshed.
[2023-06-03 12:56:32.823 +00:00] [INF] [2] Main: Received a SIGTERM signal, shutting down
[2023-06-03 12:56:32.824 +00:00] [INF] [2] Main: Running query planner optimizations in the database... This might take a while
[2023-06-03 12:56:32.833 +00:00] [INF] [2] Emby.Server.Implementations.ApplicationHost: Disposing "CoreAppHost"
[2023-06-03 12:56:32.834 +00:00] [INF] [2] Emby.Server.Implementations.ApplicationHost: Disposing "UserDataChangeNotifier"
[2023-06-03 12:56:32.834 +00:00] [INF] [2] Emby.Server.Implementations.ApplicationHost: Disposing "LibraryMonitorStartup"
[2023-06-03 12:56:32.835 +00:00] [INF] [2] Emby.Server.Implementations.ApplicationHost: Disposing "EntryPoint"
[2023-06-03 12:56:32.835 +00:00] [INF] [2] Emby.Server.Implementations.ApplicationHost: Disposing "SchedulesDirect"
[2023-06-03 12:56:32.835 +00:00] [INF] [2] Emby.Server.Implementations.ApplicationHost: Disposing "DeviceAccessEntryPoint"
[2023-06-03 12:56:32.835 +00:00] [INF] [2] Emby.Server.Implementations.ApplicationHost: Disposing "UdpServerEntryPoint"
[2023-06-03 12:56:32.835 +00:00] [INF] [2] Emby.Server.Implementations.ApplicationHost: Disposing "EntryPoint"
[2023-06-03 12:56:32.835 +00:00] [INF] [2] Emby.Server.Implementations.ApplicationHost: Disposing "NotificationEntryPoint"
[2023-06-03 12:56:32.836 +00:00] [INF] [2] Emby.Server.Implementations.ApplicationHost: Disposing "ExternalPortForwarding"
[2023-06-03 12:56:32.837 +00:00] [INF] [2] Emby.Server.Implementations.EntryPoints.ExternalPortForwarding: Stopping NAT discovery
[2023-06-03 12:56:32.837 +00:00] [INF] [2] Emby.Server.Implementations.ApplicationHost: Disposing "MusicBrainzAlbumProvider"
[2023-06-03 12:56:32.837 +00:00] [INF] [2] Emby.Server.Implementations.ApplicationHost: Disposing "DlnaEntryPoint"
[2023-06-03 12:56:32.837 +00:00] [INF] [2] Emby.Dlna.Main.DlnaEntryPoint: Disposing PlayToManager
[2023-06-03 12:56:32.838 +00:00] [INF] [2] Emby.Dlna.Main.DlnaEntryPoint: Disposing DeviceDiscovery
[2023-06-03 12:56:32.839 +00:00] [INF] [2] Emby.Dlna.Main.DlnaEntryPoint: Disposing SsdpCommunicationsServer
[2023-06-03 12:56:32.839 +00:00] [INF] [2] Emby.Dlna.Main.DlnaEntryPoint: "SsdpCommunicationsServer" disposing _BroadcastListenSocket
[2023-06-03 12:56:32.840 +00:00] [INF] [2] Emby.Dlna.Main.DlnaEntryPoint: "SsdpCommunicationsServer" Disposing 3 sendSockets
[2023-06-03 12:56:32.840 +00:00] [INF] [2] Emby.Dlna.Main.DlnaEntryPoint: "SsdpCommunicationsServer" disposing sendSocket from "0.0.0.0"
[2023-06-03 12:56:32.840 +00:00] [INF] [2] Emby.Dlna.Main.DlnaEntryPoint: "SsdpCommunicationsServer" disposing sendSocket from "172.19.0.2"
[2023-06-03 12:56:32.840 +00:00] [INF] [2] Emby.Dlna.Main.DlnaEntryPoint: "SsdpCommunicationsServer" disposing sendSocket from "127.0.0.1"
[2023-06-03 12:56:32.841 +00:00] [INF] [2] Emby.Server.Implementations.ApplicationHost: Disposing "RecordingNotifier"
[2023-06-03 12:56:32.842 +00:00] [INF] [2] Emby.Server.Implementations.ApplicationHost: Disposing "EmbyTV"
[2023-06-03 12:56:32.843 +00:00] [INF] [2] Emby.Server.Implementations.ApplicationHost: Disposing "LibraryChangedNotifier"
[2023-06-03 12:56:43.088 +00:00] [INF] [1] Main: Jellyfin version: "10.8.10"
[2023-06-03 12:56:43.108 +00:00] [INF] [1] Main: Environment Variables: ["[JELLYFIN_FFMPEG, /usr/lib/jellyfin-ffmpeg/ffmpeg]", "[JELLYFIN_CACHE_DIR, /cache]", "[JELLYFIN_CONFIG_DIR, /config/config]", "[JELLYFIN_LOG_DIR, /config/log]", "[JELLYFIN_DATA_DIR, /config]", "[JELLYFIN_WEB_DIR, /jellyfin/jellyfin-web]", "[DOTNET_SYSTEM_GLOBALIZATION_INVARIANT, 1]"]
[2023-06-03 12:56:43.111 +00:00] [INF] [1] Main: Arguments: ["/jellyfin/jellyfin.dll"]
[2023-06-03 12:56:43.112 +00:00] [INF] [1] Main: Operating system: "Linux"
[2023-06-03 12:56:43.112 +00:00] [INF] [1] Main: Architecture: X64
[2023-06-03 12:56:43.113 +00:00] [INF] [1] Main: 64-Bit Process: True
[2023-06-03 12:56:43.113 +00:00] [INF] [1] Main: User Interactive: True
[2023-06-03 12:56:43.113 +00:00] [INF] [1] Main: Processor count: 12
[2023-06-03 12:56:43.113 +00:00] [INF] [1] Main: Program data path: "/config"
[2023-06-03 12:56:43.113 +00:00] [INF] [1] Main: Web resources path: "/jellyfin/jellyfin-web"
[2023-06-03 12:56:43.113 +00:00] [INF] [1] Main: Application directory: "/jellyfin/"
[2023-06-03 12:56:43.344 +00:00] [INF] [1] Emby.Server.Implementations.AppBase.BaseConfigurationManager: Setting cache path: "/cache"
[2023-06-03 12:56:43.363 +00:00] [INF] [1] Emby.Server.Implementations.ApplicationHost: Loading assemblies
[2023-06-03 12:56:43.444 +00:00] [INF] [1] Jellyfin.Networking.Manager.NetworkManager: Defined LAN addresses : "[10.0.0.0/8,172.16.0.0/12,192.168.0.0/16]"
[2023-06-03 12:56:43.444 +00:00] [INF] [1] Jellyfin.Networking.Manager.NetworkManager: Defined LAN exclusions : "[]"
[2023-06-03 12:56:43.444 +00:00] [INF] [1] Jellyfin.Networking.Manager.NetworkManager: Using LAN addresses: "[10.0.0.0/8,172.16.0.0/12,192.168.0.0/16]"
[2023-06-03 12:56:43.452 +00:00] [INF] [1] Jellyfin.Networking.Manager.NetworkManager: Using bind addresses: "[]"
[2023-06-03 12:56:43.453 +00:00] [INF] [1] Jellyfin.Networking.Manager.NetworkManager: Using bind exclusions: "[]"
[2023-06-03 12:56:45.728 +00:00] [INF] [1] Emby.Server.Implementations.Plugins.PluginManager: Loaded plugin: "TMDb" "10.8.10.0"
[2023-06-03 12:56:45.729 +00:00] [INF] [1] Emby.Server.Implementations.Plugins.PluginManager: Loaded plugin: "Studio Images" "10.8.10.0"
[2023-06-03 12:56:45.729 +00:00] [INF] [1] Emby.Server.Implementations.Plugins.PluginManager: Loaded plugin: "OMDb" "10.8.10.0"
[2023-06-03 12:56:45.730 +00:00] [INF] [1] Emby.Server.Implementations.Plugins.PluginManager: Loaded plugin: "MusicBrainz" "10.8.10.0"
[2023-06-03 12:56:45.730 +00:00] [INF] [1] Emby.Server.Implementations.Plugins.PluginManager: Loaded plugin: "AudioDB" "10.8.10.0"
[2023-06-03 12:56:45.910 +00:00] [INF] [1] Main: Kestrel listening on "Any IP4 Address"
[2023-06-03 12:56:46.029 +00:00] [WRN] [1] Microsoft.AspNetCore.DataProtection.Repositories.EphemeralXmlRepository: Using an in-memory repository. Keys will not be persisted to storage.
[2023-06-03 12:56:46.029 +00:00] [WRN] [1] Microsoft.AspNetCore.DataProtection.KeyManagement.XmlKeyManager: Neither user profile nor HKLM registry available. Using an ephemeral key repository. Protected data will be unavailable when application exits.
[2023-06-03 12:56:46.317 +00:00] [WRN] [1] Microsoft.AspNetCore.DataProtection.KeyManagement.XmlKeyManager: No XML encryptor configured. Key {f7252467-264e-43b6-b689-768092882954} may be persisted to storage in unencrypted form.
[2023-06-03 12:56:46.337 +00:00] [INF] [1] Emby.Server.Implementations.ApplicationHost: Running startup tasks
[2023-06-03 12:56:46.387 +00:00] [INF] [1] Emby.Server.Implementations.ScheduledTasks.TaskManager: Daily trigger for "Extraire les images de chapitre" set to fire at 2023-06-04 02:00:00.000 +00:00, which is 13:03:13.6122654 from now.
[2023-06-03 12:56:46.447 +00:00] [INF] [1] MediaBrowser.MediaEncoding.Encoder.MediaEncoder: Found ffmpeg version "5.1.3"
[2023-06-03 12:56:46.491 +00:00] [INF] [1] MediaBrowser.MediaEncoding.Encoder.MediaEncoder: Available "decoders": ["libdav1d", "av1", "av1_cuvid", "av1_qsv", "h264", "h264_qsv", "h264_cuvid", "hevc", "hevc_qsv", "hevc_cuvid", "mpeg2video", "mpeg2_qsv", "mpeg2_cuvid", "mpeg4", "mpeg4_cuvid", "msmpeg4", "vc1_qsv", "vc1_cuvid", "vp8", "libvpx", "vp8_cuvid", "vp8_qsv", "vp9", "libvpx-vp9", "vp9_cuvid", "vp9_qsv", "aac", "ac3", "dca", "flac", "mp3", "truehd"]
[2023-06-03 12:56:46.519 +00:00] [INF] [1] MediaBrowser.MediaEncoding.Encoder.MediaEncoder: Available "encoders": ["libx264", "h264_amf", "h264_nvenc", "h264_qsv", "h264_v4l2m2m", "h264_vaapi", "libx265", "hevc_amf", "hevc_nvenc", "hevc_qsv", "hevc_vaapi", "mpeg4", "msmpeg4", "libvpx", "libvpx-vp9", "aac", "libfdk_aac", "ac3", "dca", "flac", "libmp3lame", "libopus", "truehd", "libvorbis", "srt"]
[2023-06-03 12:56:46.550 +00:00] [INF] [1] MediaBrowser.MediaEncoding.Encoder.MediaEncoder: Available filters: ["deinterlace_qsv", "deinterlace_vaapi", "hwupload_cuda", "hwupload_vaapi", "overlay_opencl", "overlay_qsv", "overlay_vaapi", "overlay_cuda", "procamp_vaapi", "scale_cuda", "scale_opencl", "scale_qsv", "scale_vaapi", "tonemap_cuda", "tonemap_opencl", "tonemap_vaapi", "vpp_qsv", "yadif_cuda", "zscale", "alphasrc"]
[2023-06-03 12:56:46.723 +00:00] [INF] [1] MediaBrowser.MediaEncoding.Encoder.MediaEncoder: Available hwaccel types: ["cuda", "vaapi", "qsv", "drm", "opencl", "vulkan"]
[2023-06-03 12:56:46.901 +00:00] [INF] [1] MediaBrowser.MediaEncoding.Encoder.MediaEncoder: FFmpeg: "/usr/lib/jellyfin-ffmpeg/ffmpeg"
[2023-06-03 12:56:46.902 +00:00] [INF] [1] Emby.Server.Implementations.ApplicationHost: ServerId: "a10e0144fffe4055918ace7695e0d7d7"
[2023-06-03 12:56:47.017 +00:00] [INF] [1] Emby.Server.Implementations.ApplicationHost: Executed all pre-startup entry points in 0:00:00.1045627
[2023-06-03 12:56:47.017 +00:00] [INF] [1] Emby.Server.Implementations.ApplicationHost: Core startup complete
[2023-06-03 12:56:47.238 +00:00] [INF] [15] Emby.Server.Implementations.IO.LibraryMonitor: Watching directory "/media"
[2023-06-03 12:56:47.245 +00:00] [INF] [1] Emby.Server.Implementations.ApplicationHost: Executed all post-startup entry points in 0:00:00.2281742
[2023-06-03 12:56:47.245 +00:00] [INF] [1] Main: Startup complete 0:00:04.4136275
[2023-06-03 12:56:49.393 +00:00] [INF] [13] Emby.Server.Implementations.ScheduledTasks.TaskManager: "StartupTrigger" fired for task: "Mettre à jour les extensions"
[2023-06-03 12:56:49.393 +00:00] [INF] [13] Emby.Server.Implementations.ScheduledTasks.TaskManager: Queuing task "PluginUpdateTask"
[2023-06-03 12:56:49.395 +00:00] [INF] [15] Emby.Server.Implementations.ScheduledTasks.TaskManager: Executing "Mettre à jour les extensions"
[2023-06-03 12:56:49.984 +00:00] [INF] [13] Emby.Server.Implementations.ScheduledTasks.TaskManager: "Mettre à jour les extensions" Completed after 0 minute(s) and 0 seconds
[2023-06-03 12:56:49.991 +00:00] [INF] [13] Emby.Server.Implementations.ScheduledTasks.TaskManager: ExecuteQueuedTasks
[2023-06-03 12:57:30.946 +00:00] [INF] [1] Main: Jellyfin version: "10.8.10"
[2023-06-03 12:57:30.962 +00:00] [INF] [1] Main: Environment Variables: ["[JELLYFIN_FFMPEG, /usr/lib/jellyfin-ffmpeg/ffmpeg]", "[JELLYFIN_DATA_DIR, /config]", "[JELLYFIN_LOG_DIR, /config/log]", "[JELLYFIN_CONFIG_DIR, /config/config]", "[DOTNET_SYSTEM_GLOBALIZATION_INVARIANT, 1]", "[JELLYFIN_WEB_DIR, /jellyfin/jellyfin-web]", "[JELLYFIN_CACHE_DIR, /cache]"]
[2023-06-03 12:57:30.965 +00:00] [INF] [1] Main: Arguments: ["/jellyfin/jellyfin.dll"]
[2023-06-03 12:57:30.966 +00:00] [INF] [1] Main: Operating system: "Linux"
[2023-06-03 12:57:30.966 +00:00] [INF] [1] Main: Architecture: X64
[2023-06-03 12:57:30.967 +00:00] [INF] [1] Main: 64-Bit Process: True
[2023-06-03 12:57:30.967 +00:00] [INF] [1] Main: User Interactive: True
[2023-06-03 12:57:30.967 +00:00] [INF] [1] Main: Processor count: 12
[2023-06-03 12:57:30.967 +00:00] [INF] [1] Main: Program data path: "/config"
[2023-06-03 12:57:30.967 +00:00] [INF] [1] Main: Web resources path: "/jellyfin/jellyfin-web"
[2023-06-03 12:57:30.967 +00:00] [INF] [1] Main: Application directory: "/jellyfin/"
[2023-06-03 12:57:31.133 +00:00] [INF] [1] Emby.Server.Implementations.AppBase.BaseConfigurationManager: Setting cache path: "/cache"
[2023-06-03 12:57:31.148 +00:00] [INF] [1] Emby.Server.Implementations.ApplicationHost: Loading assemblies
[2023-06-03 12:57:31.223 +00:00] [INF] [1] Jellyfin.Networking.Manager.NetworkManager: Defined LAN addresses : "[10.0.0.0/8,172.16.0.0/12,192.168.0.0/16]"
[2023-06-03 12:57:31.223 +00:00] [INF] [1] Jellyfin.Networking.Manager.NetworkManager: Defined LAN exclusions : "[]"
[2023-06-03 12:57:31.224 +00:00] [INF] [1] Jellyfin.Networking.Manager.NetworkManager: Using LAN addresses: "[10.0.0.0/8,172.16.0.0/12,192.168.0.0/16]"
[2023-06-03 12:57:31.234 +00:00] [INF] [1] Jellyfin.Networking.Manager.NetworkManager: Using bind addresses: "[]"
[2023-06-03 12:57:31.234 +00:00] [INF] [1] Jellyfin.Networking.Manager.NetworkManager: Using bind exclusions: "[]"
[2023-06-03 12:57:32.872 +00:00] [INF] [1] Emby.Server.Implementations.Plugins.PluginManager: Loaded plugin: "TMDb" "10.8.10.0"
[2023-06-03 12:57:32.872 +00:00] [INF] [1] Emby.Server.Implementations.Plugins.PluginManager: Loaded plugin: "Studio Images" "10.8.10.0"
[2023-06-03 12:57:32.873 +00:00] [INF] [1] Emby.Server.Implementations.Plugins.PluginManager: Loaded plugin: "OMDb" "10.8.10.0"
[2023-06-03 12:57:32.873 +00:00] [INF] [1] Emby.Server.Implementations.Plugins.PluginManager: Loaded plugin: "MusicBrainz" "10.8.10.0"
[2023-06-03 12:57:32.874 +00:00] [INF] [1] Emby.Server.Implementations.Plugins.PluginManager: Loaded plugin: "AudioDB" "10.8.10.0"
[2023-06-03 12:57:32.936 +00:00] [INF] [1] Main: Kestrel listening on "Any IP4 Address"
[2023-06-03 12:57:32.987 +00:00] [WRN] [1] Microsoft.AspNetCore.DataProtection.Repositories.EphemeralXmlRepository: Using an in-memory repository. Keys will not be persisted to storage.
[2023-06-03 12:57:32.988 +00:00] [WRN] [1] Microsoft.AspNetCore.DataProtection.KeyManagement.XmlKeyManager: Neither user profile nor HKLM registry available. Using an ephemeral key repository. Protected data will be unavailable when application exits.
[2023-06-03 12:57:33.206 +00:00] [WRN] [1] Microsoft.AspNetCore.DataProtection.KeyManagement.XmlKeyManager: No XML encryptor configured. Key {3593c023-2a82-4181-ac13-747cd0fe8e4a} may be persisted to storage in unencrypted form.
[2023-06-03 12:57:33.225 +00:00] [INF] [1] Emby.Server.Implementations.ApplicationHost: Running startup tasks
[2023-06-03 12:57:33.263 +00:00] [INF] [1] Emby.Server.Implementations.ScheduledTasks.TaskManager: Daily trigger for "Extraire les images de chapitre" set to fire at 2023-06-04 02:00:00.000 +00:00, which is 13:02:26.7370963 from now.
[2023-06-03 12:57:33.320 +00:00] [INF] [1] MediaBrowser.MediaEncoding.Encoder.MediaEncoder: Found ffmpeg version "5.1.3"
[2023-06-03 12:57:33.359 +00:00] [INF] [1] MediaBrowser.MediaEncoding.Encoder.MediaEncoder: Available "decoders": ["libdav1d", "av1", "av1_cuvid", "av1_qsv", "h264", "h264_qsv", "h264_cuvid", "hevc", "hevc_qsv", "hevc_cuvid", "mpeg2video", "mpeg2_qsv", "mpeg2_cuvid", "mpeg4", "mpeg4_cuvid", "msmpeg4", "vc1_qsv", "vc1_cuvid", "vp8", "libvpx", "vp8_cuvid", "vp8_qsv", "vp9", "libvpx-vp9", "vp9_cuvid", "vp9_qsv", "aac", "ac3", "dca", "flac", "mp3", "truehd"]
[2023-06-03 12:57:33.385 +00:00] [INF] [1] MediaBrowser.MediaEncoding.Encoder.MediaEncoder: Available "encoders": ["libx264", "h264_amf", "h264_nvenc", "h264_qsv", "h264_v4l2m2m", "h264_vaapi", "libx265", "hevc_amf", "hevc_nvenc", "hevc_qsv", "hevc_vaapi", "mpeg4", "msmpeg4", "libvpx", "libvpx-vp9", "aac", "libfdk_aac", "ac3", "dca", "flac", "libmp3lame", "libopus", "truehd", "libvorbis", "srt"]
[2023-06-03 12:57:33.415 +00:00] [INF] [1] MediaBrowser.MediaEncoding.Encoder.MediaEncoder: Available filters: ["deinterlace_qsv", "deinterlace_vaapi", "hwupload_cuda", "hwupload_vaapi", "overlay_opencl", "overlay_qsv", "overlay_vaapi", "overlay_cuda", "procamp_vaapi", "scale_cuda", "scale_opencl", "scale_qsv", "scale_vaapi", "tonemap_cuda", "tonemap_opencl", "tonemap_vaapi", "vpp_qsv", "yadif_cuda", "zscale", "alphasrc"]
[2023-06-03 12:57:33.561 +00:00] [INF] [1] MediaBrowser.MediaEncoding.Encoder.MediaEncoder: Available hwaccel types: ["cuda", "vaapi", "qsv", "drm", "opencl", "vulkan"]
[2023-06-03 12:57:33.678 +00:00] [INF] [1] MediaBrowser.MediaEncoding.Encoder.MediaEncoder: FFmpeg: "/usr/lib/jellyfin-ffmpeg/ffmpeg"
[2023-06-03 12:57:33.679 +00:00] [INF] [1] Emby.Server.Implementations.ApplicationHost: ServerId: "a10e0144fffe4055918ace7695e0d7d7"
[2023-06-03 12:57:33.753 +00:00] [INF] [1] Emby.Server.Implementations.ApplicationHost: Executed all pre-startup entry points in 0:00:00.0662537
[2023-06-03 12:57:33.753 +00:00] [INF] [1] Emby.Server.Implementations.ApplicationHost: Core startup complete
[2023-06-03 12:57:33.889 +00:00] [INF] [14] Emby.Server.Implementations.IO.LibraryMonitor: Watching directory "/media"
[2023-06-03 12:57:33.893 +00:00] [INF] [1] Emby.Server.Implementations.ApplicationHost: Executed all post-startup entry points in 0:00:00.1403527
[2023-06-03 12:57:33.893 +00:00] [INF] [1] Main: Startup complete 0:00:03.1858202
[2023-06-03 12:57:36.268 +00:00] [INF] [14] Emby.Server.Implementations.ScheduledTasks.TaskManager: "StartupTrigger" fired for task: "Mettre à jour les extensions"
[2023-06-03 12:57:36.269 +00:00] [INF] [14] Emby.Server.Implementations.ScheduledTasks.TaskManager: Queuing task "PluginUpdateTask"
[2023-06-03 12:57:36.272 +00:00] [INF] [15] Emby.Server.Implementations.ScheduledTasks.TaskManager: Executing "Mettre à jour les extensions"
[2023-06-03 12:57:36.827 +00:00] [INF] [13] Emby.Server.Implementations.ScheduledTasks.TaskManager: "Mettre à jour les extensions" Completed after 0 minute(s) and 0 seconds
[2023-06-03 12:57:36.834 +00:00] [INF] [13] Emby.Server.Implementations.ScheduledTasks.TaskManager: ExecuteQueuedTasks
[2023-06-03 12:58:00.825 +00:00] [WRN] [20] Microsoft.EntityFrameworkCore.Model.Validation: The entity type '"AccessSchedule"' is configured to use schema '"jellyfin"', but SQLite does not support schemas. This configuration will be ignored by the SQLite provider.
[2023-06-03 12:58:00.826 +00:00] [WRN] [20] Microsoft.EntityFrameworkCore.Model.Validation: The entity type '"ActivityLog"' is configured to use schema '"jellyfin"', but SQLite does not support schemas. This configuration will be ignored by the SQLite provider.
[2023-06-03 12:58:00.826 +00:00] [WRN] [20] Microsoft.EntityFrameworkCore.Model.Validation: The entity type '"CustomItemDisplayPreferences"' is configured to use schema '"jellyfin"', but SQLite does not support schemas. This configuration will be ignored by the SQLite provider.
[2023-06-03 12:58:00.826 +00:00] [WRN] [20] Microsoft.EntityFrameworkCore.Model.Validation: The entity type '"DisplayPreferences"' is configured to use schema '"jellyfin"', but SQLite does not support schemas. This configuration will be ignored by the SQLite provider.
[2023-06-03 12:58:00.826 +00:00] [WRN] [20] Microsoft.EntityFrameworkCore.Model.Validation: The entity type '"HomeSection"' is configured to use schema '"jellyfin"', but SQLite does not support schemas. This configuration will be ignored by the SQLite provider.
[2023-06-03 12:58:00.827 +00:00] [WRN] [20] Microsoft.EntityFrameworkCore.Model.Validation: The entity type '"ImageInfo"' is configured to use schema '"jellyfin"', but SQLite does not support schemas. This configuration will be ignored by the SQLite provider.
[2023-06-03 12:58:00.827 +00:00] [WRN] [20] Microsoft.EntityFrameworkCore.Model.Validation: The entity type '"ItemDisplayPreferences"' is configured to use schema '"jellyfin"', but SQLite does not support schemas. This configuration will be ignored by the SQLite provider.
[2023-06-03 12:58:00.827 +00:00] [WRN] [20] Microsoft.EntityFrameworkCore.Model.Validation: The entity type '"Permission"' is configured to use schema '"jellyfin"', but SQLite does not support schemas. This configuration will be ignored by the SQLite provider.
[2023-06-03 12:58:00.827 +00:00] [WRN] [20] Microsoft.EntityFrameworkCore.Model.Validation: The entity type '"Preference"' is configured to use schema '"jellyfin"', but SQLite does not support schemas. This configuration will be ignored by the SQLite provider.
[2023-06-03 12:58:00.827 +00:00] [WRN] [20] Microsoft.EntityFrameworkCore.Model.Validation: The entity type '"ApiKey"' is configured to use schema '"jellyfin"', but SQLite does not support schemas. This configuration will be ignored by the SQLite provider.
[2023-06-03 12:58:00.827 +00:00] [WRN] [20] Microsoft.EntityFrameworkCore.Model.Validation: The entity type '"Device"' is configured to use schema '"jellyfin"', but SQLite does not support schemas. This configuration will be ignored by the SQLite provider.
[2023-06-03 12:58:00.827 +00:00] [WRN] [20] Microsoft.EntityFrameworkCore.Model.Validation: The entity type '"DeviceOptions"' is configured to use schema '"jellyfin"', but SQLite does not support schemas. This configuration will be ignored by the SQLite provider.
[2023-06-03 12:58:00.827 +00:00] [WRN] [20] Microsoft.EntityFrameworkCore.Model.Validation: The entity type '"User"' is configured to use schema '"jellyfin"', but SQLite does not support schemas. This configuration will be ignored by the SQLite provider.
[2023-06-03 12:58:44.690 +00:00] [INF] [24] Emby.Server.Implementations.HttpServer.WebSocketManager: WS "172.19.0.1" request
[2023-06-03 12:59:06.607 +00:00] [INF] [29] Jellyfin.Api.Helpers.MediaInfoHelper: User policy for "Floyd". EnablePlaybackRemuxing: True EnableVideoPlaybackTranscoding: True EnableAudioPlaybackTranscoding: True
[2023-06-03 12:59:06.684 +00:00] [INF] [29] Jellyfin.Api.Helpers.MediaInfoHelper: StreamBuilder.BuildVideoItem( Profile="Anonymous Profile", Path="/media/Seven [1080p] MULTi 1995 BluRay x264-Pop (Se7en) .mkv", AudioStreamIndex=1, SubtitleStreamIndex=-1 ) => ( PlayMethod=Transcode, TranscodeReason=VideoCodecNotSupported, AudioCodecNotSupported ) "media:/videos/39c15f0f-54a9-63a1-5cb4-d53d74b6168f/master.m3u8?MediaSourceId=39c15f0f54a963a15cb4d53d74b6168f&VideoCodec=h264,h264&AudioCodec=aac,mp3&AudioStreamIndex=1&VideoBitrate=139616000&AudioBitrate=384000&MaxFramerate=23.976025&api_key=<token>&SubtitleMethod=Encode&TranscodingMaxAudioChannels=2&RequireAvc=false&Tag=566b4b688c67a0d71248842a6e0f45ad&SegmentContainer=ts&MinSegments=1&BreakOnNonKeyFrames=True&h264-level=41&h264-videobitdepth=8&h264-profile=high&h264-rangetype=SDR&h264-deinterlace=true&TranscodeReasons=VideoCodecNotSupported,%20AudioCodecNotSupported"
[2023-06-03 12:59:07.190 +00:00] [INF] [3] Jellyfin.Api.Controllers.DynamicHlsController: Current HLS implementation doesn't support non-keyframe breaks but one is requested, ignoring that request
[2023-06-03 12:59:07.210 +00:00] [INF] [3] Jellyfin.Api.Helpers.TranscodingJobHelper: "/usr/lib/jellyfin-ffmpeg/ffmpeg" "-analyzeduration 200M -fflags +genpts -f matroska,webm  -i file:\"/media/Seven [1080p] MULTi 1995 BluRay x264-Pop (Se7en) .mkv\" -map_metadata -1 -map_chapters -1 -threads 0 -map 0:3 -map 0:1 -map -0:s -codec:v:0 copy -bsf:v h264_mp4toannexb -start_at_zero -codec:a:0 libfdk_aac -ac 2 -ab 384000 -af \"volume=2\" -copyts -avoid_negative_ts disabled -max_muxing_queue_size 2048 -f hls -max_delay 5000000 -hls_time 6 -hls_segment_type mpegts -start_number 0 -hls_segment_filename \"/config/transcodes/226450a95d44d3ae17cf2822d9d97ef3%d.ts\" -hls_playlist_type vod -hls_list_size 0 -y \"/config/transcodes/226450a95d44d3ae17cf2822d9d97ef3.m3u8\""
[2023-06-03 12:59:10.276 +00:00] [INF] [27] Jellyfin.Api.Helpers.TranscodingJobHelper: Stopping ffmpeg process with q command for "/config/transcodes/226450a95d44d3ae17cf2822d9d97ef3.m3u8"
[2023-06-03 12:59:10.369 +00:00] [INF] [27] Jellyfin.Api.Helpers.TranscodingJobHelper: FFmpeg exited with code 0
[2023-06-03 12:59:10.370 +00:00] [INF] [27] Jellyfin.Api.Controllers.DynamicHlsController: Current HLS implementation doesn't support non-keyframe breaks but one is requested, ignoring that request
[2023-06-03 12:59:10.371 +00:00] [INF] [27] Jellyfin.Api.Helpers.TranscodingJobHelper: "/usr/lib/jellyfin-ffmpeg/ffmpeg" "-analyzeduration 200M -ss 00:05:04.929 -fflags +genpts -f matroska,webm  -i file:\"/media/Seven [1080p] MULTi 1995 BluRay x264-Pop (Se7en) .mkv\" -map_metadata -1 -map_chapters -1 -threads 0 -map 0:3 -map 0:1 -map -0:s -codec:v:0 copy -bsf:v h264_mp4toannexb -start_at_zero -codec:a:0 libfdk_aac -ac 2 -ab 384000 -af \"volume=2\" -copyts -avoid_negative_ts disabled -max_muxing_queue_size 2048 -f hls -max_delay 5000000 -hls_time 6 -hls_segment_type mpegts -start_number 50 -hls_segment_filename \"/config/transcodes/226450a95d44d3ae17cf2822d9d97ef3%d.ts\" -hls_playlist_type vod -hls_list_size 0 -y \"/config/transcodes/226450a95d44d3ae17cf2822d9d97ef3.m3u8\""
[2023-06-03 12:59:13.528 +00:00] [INF] [22] Jellyfin.Api.Helpers.TranscodingJobHelper: Stopping ffmpeg process with q command for "/config/transcodes/226450a95d44d3ae17cf2822d9d97ef3.m3u8"
[2023-06-03 12:59:13.626 +00:00] [INF] [22] Jellyfin.Api.Helpers.TranscodingJobHelper: FFmpeg exited with code 0
[2023-06-03 12:59:13.627 +00:00] [INF] [22] Jellyfin.Api.Controllers.DynamicHlsController: Current HLS implementation doesn't support non-keyframe breaks but one is requested, ignoring that request
[2023-06-03 12:59:13.627 +00:00] [INF] [22] Jellyfin.Api.Helpers.TranscodingJobHelper: "/usr/lib/jellyfin-ffmpeg/ffmpeg" "-analyzeduration 200M -ss 00:22:52.371 -fflags +genpts -f matroska,webm  -i file:\"/media/Seven [1080p] MULTi 1995 BluRay x264-Pop (Se7en) .mkv\" -map_metadata -1 -map_chapters -1 -threads 0 -map 0:3 -map 0:1 -map -0:s -codec:v:0 copy -bsf:v h264_mp4toannexb -start_at_zero -codec:a:0 libfdk_aac -ac 2 -ab 384000 -af \"volume=2\" -copyts -avoid_negative_ts disabled -max_muxing_queue_size 2048 -f hls -max_delay 5000000 -hls_time 6 -hls_segment_type mpegts -start_number 227 -hls_segment_filename \"/config/transcodes/226450a95d44d3ae17cf2822d9d97ef3%d.ts\" -hls_playlist_type vod -hls_list_size 0 -y \"/config/transcodes/226450a95d44d3ae17cf2822d9d97ef3.m3u8\""
[2023-06-03 12:59:14.056 +00:00] [WRN] [26] Jellyfin.Server.Middleware.ResponseTimeMiddleware: Slow HTTP Response from "http://localhost:8096/videos/39c15f0f-54a9-63a1-5cb4-d53d74b6168f/hls1/main/227.ts?DeviceId=TW96aWxsYS81LjAgKFdpbmRvd3MgTlQgMTAuMDsgV2luNjQ7IHg2NDsgcnY6MTA5LjApIEdlY2tvLzIwMTAwMTAxIEZpcmVmb3gvMTEzLjB8MTY4NTc5NDQ0NTY1Ng11&MediaSourceId=39c15f0f54a963a15cb4d53d74b6168f&VideoCodec=h264,h264&AudioCodec=aac,mp3&AudioStreamIndex=1&VideoBitrate=139616000&AudioBitrate=384000&MaxFramerate=23.976025&PlaySessionId=a939da9284cb439d8bf0d02b34937087&api_key=5d5a3bb4162c4649a4eea8c56da4508d&SubtitleMethod=Encode&TranscodingMaxAudioChannels=2&RequireAvc=false&Tag=566b4b688c67a0d71248842a6e0f45ad&SegmentContainer=ts&MinSegments=1&BreakOnNonKeyFrames=True&h264-level=41&h264-videobitdepth=8&h264-profile=high&h264-rangetype=SDR&h264-deinterlace=true&TranscodeReasons=VideoCodecNotSupported,%20AudioCodecNotSupported&runtimeTicks=13723710000&actualSegmentLengthTicks=32530000" to "172.19.0.1" in 0:00:00.5314507 with Status Code 200
[2023-06-03 12:59:24.967 +00:00] [INF] [26] Jellyfin.Api.Helpers.TranscodingJobHelper: Stopping ffmpeg process with q command for "/config/transcodes/226450a95d44d3ae17cf2822d9d97ef3.m3u8"
[2023-06-03 12:59:25.013 +00:00] [INF] [26] Jellyfin.Api.Helpers.TranscodingJobHelper: FFmpeg exited with code 0
[2023-06-03 12:59:25.014 +00:00] [INF] [26] Jellyfin.Api.Controllers.DynamicHlsController: Current HLS implementation doesn't support non-keyframe breaks but one is requested, ignoring that request
[2023-06-03 12:59:25.014 +00:00] [INF] [26] Jellyfin.Api.Helpers.TranscodingJobHelper: "/usr/lib/jellyfin-ffmpeg/ffmpeg" "-analyzeduration 200M -ss 01:05:28.758 -fflags +genpts -f matroska,webm  -i file:\"/media/Seven [1080p] MULTi 1995 BluRay x264-Pop (Se7en) .mkv\" -map_metadata -1 -map_chapters -1 -threads 0 -map 0:3 -map 0:1 -map -0:s -codec:v:0 copy -bsf:v h264_mp4toannexb -start_at_zero -codec:a:0 libfdk_aac -ac 2 -ab 384000 -af \"volume=2\" -copyts -avoid_negative_ts disabled -max_muxing_queue_size 2048 -f hls -max_delay 5000000 -hls_time 6 -hls_segment_type mpegts -start_number 654 -hls_segment_filename \"/config/transcodes/226450a95d44d3ae17cf2822d9d97ef3%d.ts\" -hls_playlist_type vod -hls_list_size 0 -y \"/config/transcodes/226450a95d44d3ae17cf2822d9d97ef3.m3u8\""
[2023-06-03 12:59:32.883 +00:00] [INF] [30] Emby.Server.Implementations.Session.SessionWebSocketListener: Sending ForceKeepAlive message to 1 inactive WebSockets.
[2023-06-03 12:59:44.880 +00:00] [INF] [28] Emby.Server.Implementations.Session.SessionWebSocketListener: Lost 1 WebSockets.
[2023-06-03 12:59:49.982 +00:00] [INF] [3] Jellyfin.Api.Helpers.TranscodingJobHelper: Stopping ffmpeg process with q command for "/config/transcodes/226450a95d44d3ae17cf2822d9d97ef3.m3u8"
[2023-06-03 12:59:50.044 +00:00] [INF] [3] Jellyfin.Api.Helpers.TranscodingJobHelper: FFmpeg exited with code 0
[2023-06-03 12:59:50.045 +00:00] [INF] [3] Jellyfin.Api.Helpers.TranscodingJobHelper: Deleting partial stream file(s) "/config/transcodes/226450a95d44d3ae17cf2822d9d97ef3.m3u8"
[2023-06-03 12:59:51.626 +00:00] [INF] [13] Emby.Server.Implementations.Session.SessionManager: Playback stopped reported by app "Jellyfin Web" "10.8.10" playing "The Magnificent Seven". Stopped at "3969938" ms
[2023-06-03 12:59:51.679 +00:00] [WRN] [13] Jellyfin.Server.Middleware.ResponseTimeMiddleware: Slow HTTP Response from "http://localhost:8096/Sessions/Playing/Stopped" to "172.19.0.1" in 0:00:01.7051945 with Status Code 204
[2023-06-03 12:59:57.663 +00:00] [INF] [24] Jellyfin.Api.Helpers.MediaInfoHelper: User policy for "Floyd". EnablePlaybackRemuxing: True EnableVideoPlaybackTranscoding: True EnableAudioPlaybackTranscoding: True
[2023-06-03 12:59:57.664 +00:00] [INF] [24] Jellyfin.Api.Helpers.MediaInfoHelper: StreamBuilder.BuildVideoItem( Profile="Anonymous Profile", Path="/media/Seven [1080p] MULTi 1995 BluRay x264-Pop (Se7en) .mkv", AudioStreamIndex=4, SubtitleStreamIndex=5 ) => ( PlayMethod=Transcode, TranscodeReason=VideoCodecNotSupported, AudioCodecNotSupported ) "media:/videos/39c15f0f-54a9-63a1-5cb4-d53d74b6168f/master.m3u8?MediaSourceId=39c15f0f54a963a15cb4d53d74b6168f&VideoCodec=h264,h264&AudioCodec=aac,mp3&AudioStreamIndex=4&VideoBitrate=139616000&AudioBitrate=384000&MaxFramerate=23.976025&api_key=<token>&TranscodingMaxAudioChannels=2&RequireAvc=false&Tag=566b4b688c67a0d71248842a6e0f45ad&SegmentContainer=ts&MinSegments=1&BreakOnNonKeyFrames=True&h264-level=41&h264-videobitdepth=8&h264-profile=high&h264-rangetype=SDR&h264-deinterlace=true&TranscodeReasons=VideoCodecNotSupported,%20AudioCodecNotSupported"
[2023-06-03 12:59:58.018 +00:00] [INF] [13] Jellyfin.Api.Controllers.DynamicHlsController: Current HLS implementation doesn't support non-keyframe breaks but one is requested, ignoring that request
[2023-06-03 12:59:58.019 +00:00] [INF] [13] Jellyfin.Api.Helpers.TranscodingJobHelper: "/usr/lib/jellyfin-ffmpeg/ffmpeg" "-analyzeduration 200M -fflags +genpts -f matroska,webm  -i file:\"/media/Seven [1080p] MULTi 1995 BluRay x264-Pop (Se7en) .mkv\" -map_metadata -1 -map_chapters -1 -threads 0 -map 0:3 -map 0:4 -map -0:s -codec:v:0 copy -bsf:v h264_mp4toannexb -start_at_zero -codec:a:0 libfdk_aac -ac 2 -ab 384000 -af \"volume=2\" -copyts -avoid_negative_ts disabled -max_muxing_queue_size 2048 -f hls -max_delay 5000000 -hls_time 6 -hls_segment_type mpegts -start_number 0 -hls_segment_filename \"/config/transcodes/2bf330020f1030dcff08171a924c4b3d%d.ts\" -hls_playlist_type vod -hls_list_size 0 -y \"/config/transcodes/2bf330020f1030dcff08171a924c4b3d.m3u8\""
[2023-06-03 12:59:58.410 +00:00] [INF] [26] Jellyfin.Api.Helpers.TranscodingJobHelper: Stopping ffmpeg process with q command for "/config/transcodes/2bf330020f1030dcff08171a924c4b3d.m3u8"
[2023-06-03 12:59:58.458 +00:00] [INF] [20] Jellyfin.Api.Helpers.TranscodingJobHelper: FFmpeg exited with code 0
[2023-06-03 12:59:58.458 +00:00] [INF] [26] Jellyfin.Api.Controllers.DynamicHlsController: Current HLS implementation doesn't support non-keyframe breaks but one is requested, ignoring that request
[2023-06-03 12:59:58.458 +00:00] [INF] [26] Jellyfin.Api.Helpers.TranscodingJobHelper: "/usr/lib/jellyfin-ffmpeg/ffmpeg" "-analyzeduration 200M -ss 01:06:07.713 -fflags +genpts -f matroska,webm  -i file:\"/media/Seven [1080p] MULTi 1995 BluRay x264-Pop (Se7en) .mkv\" -map_metadata -1 -map_chapters -1 -threads 0 -map 0:3 -map 0:4 -map -0:s -codec:v:0 copy -bsf:v h264_mp4toannexb -start_at_zero -codec:a:0 libfdk_aac -ac 2 -ab 384000 -af \"volume=2\" -copyts -avoid_negative_ts disabled -max_muxing_queue_size 2048 -f hls -max_delay 5000000 -hls_time 6 -hls_segment_type mpegts -start_number 660 -hls_segment_filename \"/config/transcodes/2bf330020f1030dcff08171a924c4b3d%d.ts\" -hls_playlist_type vod -hls_list_size 0 -y \"/config/transcodes/2bf330020f1030dcff08171a924c4b3d.m3u8\""
[2023-06-03 12:59:58.478 +00:00] [INF] [24] MediaBrowser.MediaEncoding.Subtitles.SubtitleEncoder: "/usr/lib/jellyfin-ffmpeg/ffmpeg" "-i file:\"/media/Seven [1080p] MULTi 1995 BluRay x264-Pop (Se7en) .mkv\" -copyts -map 0:5 -an -vn -c:s copy \"/config/data/subtitles/e/eed65cef-78bb-8678-57ee-c1dacd578a22.srt\""
[2023-06-03 12:59:58.992 +00:00] [WRN] [13] Jellyfin.Server.Middleware.ResponseTimeMiddleware: Slow HTTP Response from "http://localhost:8096/videos/39c15f0f-54a9-63a1-5cb4-d53d74b6168f/hls1/main/660.ts?DeviceId=TW96aWxsYS81LjAgKFdpbmRvd3MgTlQgMTAuMDsgV2luNjQ7IHg2NDsgcnY6MTA5LjApIEdlY2tvLzIwMTAwMTAxIEZpcmVmb3gvMTEzLjB8MTY4NTc5NDQ0NTY1Ng11&MediaSourceId=39c15f0f54a963a15cb4d53d74b6168f&VideoCodec=h264,h264&AudioCodec=aac,mp3&AudioStreamIndex=4&VideoBitrate=139616000&AudioBitrate=384000&MaxFramerate=23.976025&PlaySessionId=c3416c87a0da40228050dd435c0a8ace&api_key=5d5a3bb4162c4649a4eea8c56da4508d&TranscodingMaxAudioChannels=2&RequireAvc=false&Tag=566b4b688c67a0d71248842a6e0f45ad&SegmentContainer=ts&MinSegments=1&BreakOnNonKeyFrames=True&h264-level=41&h264-videobitdepth=8&h264-profile=high&h264-rangetype=SDR&h264-deinterlace=true&TranscodeReasons=VideoCodecNotSupported,%20AudioCodecNotSupported&runtimeTicks=39677130000&actualSegmentLengthTicks=100100000" to "172.19.0.1" in 0:00:00.5843201 with Status Code 200
[2023-06-03 12:59:59.319 +00:00] [INF] [27] MediaBrowser.MediaEncoding.Subtitles.SubtitleEncoder: ffmpeg subtitle extraction completed for "file:\"/media/Seven [1080p] MULTi 1995 BluRay x264-Pop (Se7en) .mkv\"" to "/config/data/subtitles/e/eed65cef-78bb-8678-57ee-c1dacd578a22.srt"
[2023-06-03 12:59:59.359 +00:00] [WRN] [27] Jellyfin.Server.Middleware.ResponseTimeMiddleware: Slow HTTP Response from "http://localhost:8096/Videos/39c15f0f-54a9-63a1-5cb4-d53d74b6168f/39c15f0f54a963a15cb4d53d74b6168f/Subtitles/5/0/Stream.js?api_key=5d5a3bb4162c4649a4eea8c56da4508d" to "172.19.0.1" in 0:00:00.9527019 with Status Code 200
[2023-06-03 13:00:58.116 +00:00] [INF] [14] Jellyfin.Api.Helpers.TranscodingJobHelper: FFmpeg exited with code 0
[2023-06-03 13:03:19.574 +00:00] [INF] [39] Emby.Server.Implementations.IO.LibraryMonitor: "media" ("/media") will be refreshed.
[2023-06-03 13:24:51.243 +00:00] [INF] [2] Main: Received a SIGTERM signal, shutting down
[2023-06-03 13:24:51.244 +00:00] [INF] [2] Main: Running query planner optimizations in the database... This might take a while
[2023-06-03 13:24:51.274 +00:00] [INF] [2] Emby.Server.Implementations.ApplicationHost: Disposing "CoreAppHost"
[2023-06-03 13:24:51.275 +00:00] [INF] [2] Emby.Server.Implementations.ApplicationHost: Disposing "EntryPoint"
[2023-06-03 13:24:51.276 +00:00] [INF] [2] Emby.Server.Implementations.ApplicationHost: Disposing "EntryPoint"
[2023-06-03 13:24:51.276 +00:00] [INF] [2] Emby.Server.Implementations.ApplicationHost: Disposing "UserDataChangeNotifier"
[2023-06-03 13:24:51.276 +00:00] [INF] [2] Emby.Server.Implementations.ApplicationHost: Disposing "MusicBrainzAlbumProvider"
[2023-06-03 13:24:51.276 +00:00] [INF] [2] Emby.Server.Implementations.ApplicationHost: Disposing "ExternalPortForwarding"
[2023-06-03 13:24:51.277 +00:00] [INF] [2] Emby.Server.Implementations.EntryPoints.ExternalPortForwarding: Stopping NAT discovery
[2023-06-03 13:24:51.280 +00:00] [INF] [2] Emby.Server.Implementations.ApplicationHost: Disposing "LibraryChangedNotifier"
[2023-06-03 13:24:51.282 +00:00] [INF] [2] Emby.Server.Implementations.ApplicationHost: Disposing "RecordingNotifier"
[2023-06-03 13:24:51.283 +00:00] [INF] [2] Emby.Server.Implementations.ApplicationHost: Disposing "DeviceAccessEntryPoint"
[2023-06-03 13:24:51.283 +00:00] [INF] [2] Emby.Server.Implementations.ApplicationHost: Disposing "SchedulesDirect"
[2023-06-03 13:24:51.283 +00:00] [INF] [2] Emby.Server.Implementations.ApplicationHost: Disposing "EmbyTV"
[2023-06-03 13:24:51.284 +00:00] [INF] [2] Emby.Server.Implementations.ApplicationHost: Disposing "NotificationEntryPoint"
[2023-06-03 13:24:51.285 +00:00] [INF] [2] Emby.Server.Implementations.ApplicationHost: Disposing "LibraryMonitorStartup"
[2023-06-03 13:24:51.285 +00:00] [INF] [2] Emby.Server.Implementations.ApplicationHost: Disposing "UdpServerEntryPoint"
[2023-06-03 13:24:51.285 +00:00] [INF] [2] Emby.Server.Implementations.ApplicationHost: Disposing "DlnaEntryPoint"
[2023-06-03 13:24:51.286 +00:00] [INF] [2] Emby.Dlna.Main.DlnaEntryPoint: Disposing PlayToManager
[2023-06-03 13:24:51.287 +00:00] [INF] [2] Emby.Dlna.Main.DlnaEntryPoint: Disposing DeviceDiscovery
[2023-06-03 13:24:51.287 +00:00] [INF] [2] Emby.Dlna.Main.DlnaEntryPoint: Disposing SsdpCommunicationsServer
[2023-06-03 13:24:51.288 +00:00] [INF] [2] Emby.Dlna.Main.DlnaEntryPoint: "SsdpCommunicationsServer" disposing _BroadcastListenSocket
[2023-06-03 13:24:51.289 +00:00] [INF] [2] Emby.Dlna.Main.DlnaEntryPoint: "SsdpCommunicationsServer" Disposing 3 sendSockets
[2023-06-03 13:24:51.289 +00:00] [INF] [2] Emby.Dlna.Main.DlnaEntryPoint: "SsdpCommunicationsServer" disposing sendSocket from "0.0.0.0"
[2023-06-03 13:24:51.289 +00:00] [INF] [2] Emby.Dlna.Main.DlnaEntryPoint: "SsdpCommunicationsServer" disposing sendSocket from "172.19.0.2"
[2023-06-03 13:24:51.289 +00:00] [INF] [2] Emby.Dlna.Main.DlnaEntryPoint: "SsdpCommunicationsServer" disposing sendSocket from "127.0.0.1"
[2023-06-03 13:24:51.301 +00:00] [INF] [50] Emby.Server.Implementations.HttpServer.WebSocketManager: WS "172.19.0.1" closed
[2023-06-03 13:25:04.480 +00:00] [INF] [1] Main: Jellyfin version: "10.8.10"
[2023-06-03 13:25:04.507 +00:00] [INF] [1] Main: Environment Variables: ["[JELLYFIN_FFMPEG, /usr/lib/jellyfin-ffmpeg/ffmpeg]", "[JELLYFIN_WEB_DIR, /jellyfin/jellyfin-web]", "[JELLYFIN_CACHE_DIR, /cache]", "[JELLYFIN_LOG_DIR, /config/log]", "[JELLYFIN_CONFIG_DIR, /config/config]", "[JELLYFIN_DATA_DIR, /config]", "[DOTNET_SYSTEM_GLOBALIZATION_INVARIANT, 1]"]
[2023-06-03 13:25:04.511 +00:00] [INF] [1] Main: Arguments: ["/jellyfin/jellyfin.dll"]
[2023-06-03 13:25:04.512 +00:00] [INF] [1] Main: Operating system: "Linux"
[2023-06-03 13:25:04.513 +00:00] [INF] [1] Main: Architecture: X64
[2023-06-03 13:25:04.514 +00:00] [INF] [1] Main: 64-Bit Process: True
[2023-06-03 13:25:04.514 +00:00] [INF] [1] Main: User Interactive: True
[2023-06-03 13:25:04.514 +00:00] [INF] [1] Main: Processor count: 12
[2023-06-03 13:25:04.514 +00:00] [INF] [1] Main: Program data path: "/config"
[2023-06-03 13:25:04.514 +00:00] [INF] [1] Main: Web resources path: "/jellyfin/jellyfin-web"
[2023-06-03 13:25:04.514 +00:00] [INF] [1] Main: Application directory: "/jellyfin/"
[2023-06-03 13:25:04.815 +00:00] [INF] [1] Emby.Server.Implementations.AppBase.BaseConfigurationManager: Setting cache path: "/cache"
[2023-06-03 13:25:04.834 +00:00] [INF] [1] Emby.Server.Implementations.ApplicationHost: Loading assemblies
[2023-06-03 13:25:04.936 +00:00] [INF] [1] Jellyfin.Networking.Manager.NetworkManager: Defined LAN addresses : "[10.0.0.0/8,172.16.0.0/12,192.168.0.0/16]"
[2023-06-03 13:25:04.936 +00:00] [INF] [1] Jellyfin.Networking.Manager.NetworkManager: Defined LAN exclusions : "[]"
[2023-06-03 13:25:04.937 +00:00] [INF] [1] Jellyfin.Networking.Manager.NetworkManager: Using LAN addresses: "[10.0.0.0/8,172.16.0.0/12,192.168.0.0/16]"
[2023-06-03 13:25:04.948 +00:00] [INF] [1] Jellyfin.Networking.Manager.NetworkManager: Using bind addresses: "[]"
[2023-06-03 13:25:04.948 +00:00] [INF] [1] Jellyfin.Networking.Manager.NetworkManager: Using bind exclusions: "[]"
[2023-06-03 13:25:07.923 +00:00] [INF] [1] Emby.Server.Implementations.Plugins.PluginManager: Loaded plugin: "TMDb" "10.8.10.0"
[2023-06-03 13:25:07.924 +00:00] [INF] [1] Emby.Server.Implementations.Plugins.PluginManager: Loaded plugin: "Studio Images" "10.8.10.0"
[2023-06-03 13:25:07.924 +00:00] [INF] [1] Emby.Server.Implementations.Plugins.PluginManager: Loaded plugin: "OMDb" "10.8.10.0"
[2023-06-03 13:25:07.925 +00:00] [INF] [1] Emby.Server.Implementations.Plugins.PluginManager: Loaded plugin: "MusicBrainz" "10.8.10.0"
[2023-06-03 13:25:07.925 +00:00] [INF] [1] Emby.Server.Implementations.Plugins.PluginManager: Loaded plugin: "AudioDB" "10.8.10.0"
[2023-06-03 13:25:08.006 +00:00] [INF] [1] Main: Kestrel listening on "Any IP4 Address"
[2023-06-03 13:25:08.082 +00:00] [WRN] [1] Microsoft.AspNetCore.DataProtection.Repositories.EphemeralXmlRepository: Using an in-memory repository. Keys will not be persisted to storage.
[2023-06-03 13:25:08.083 +00:00] [WRN] [1] Microsoft.AspNetCore.DataProtection.KeyManagement.XmlKeyManager: Neither user profile nor HKLM registry available. Using an ephemeral key repository. Protected data will be unavailable when application exits.
[2023-06-03 13:25:08.383 +00:00] [WRN] [1] Microsoft.AspNetCore.DataProtection.KeyManagement.XmlKeyManager: No XML encryptor configured. Key {bd4bb72b-62dd-40d5-addd-a098bb413f44} may be persisted to storage in unencrypted form.
[2023-06-03 13:25:08.408 +00:00] [INF] [1] Emby.Server.Implementations.ApplicationHost: Running startup tasks
[2023-06-03 13:25:08.472 +00:00] [INF] [1] Emby.Server.Implementations.ScheduledTasks.TaskManager: Daily trigger for "Extraire les images de chapitre" set to fire at 2023-06-04 02:00:00.000 +00:00, which is 12:34:51.5274383 from now.
[2023-06-03 13:25:08.554 +00:00] [INF] [1] MediaBrowser.MediaEncoding.Encoder.MediaEncoder: Found ffmpeg version "5.1.3"
[2023-06-03 13:25:08.618 +00:00] [INF] [1] MediaBrowser.MediaEncoding.Encoder.MediaEncoder: Available "decoders": ["libdav1d", "av1", "av1_cuvid", "av1_qsv", "h264", "h264_qsv", "h264_cuvid", "hevc", "hevc_qsv", "hevc_cuvid", "mpeg2video", "mpeg2_qsv", "mpeg2_cuvid", "mpeg4", "mpeg4_cuvid", "msmpeg4", "vc1_qsv", "vc1_cuvid", "vp8", "libvpx", "vp8_cuvid", "vp8_qsv", "vp9", "libvpx-vp9", "vp9_cuvid", "vp9_qsv", "aac", "ac3", "dca", "flac", "mp3", "truehd"]
[2023-06-03 13:25:08.651 +00:00] [INF] [1] MediaBrowser.MediaEncoding.Encoder.MediaEncoder: Available "encoders": ["libx264", "h264_amf", "h264_nvenc", "h264_qsv", "h264_v4l2m2m", "h264_vaapi", "libx265", "hevc_amf", "hevc_nvenc", "hevc_qsv", "hevc_vaapi", "mpeg4", "msmpeg4", "libvpx", "libvpx-vp9", "aac", "libfdk_aac", "ac3", "dca", "flac", "libmp3lame", "libopus", "truehd", "libvorbis", "srt"]
[2023-06-03 13:25:08.686 +00:00] [INF] [1] MediaBrowser.MediaEncoding.Encoder.MediaEncoder: Available filters: ["deinterlace_qsv", "deinterlace_vaapi", "hwupload_cuda", "hwupload_vaapi", "overlay_opencl", "overlay_qsv", "overlay_vaapi", "overlay_cuda", "procamp_vaapi", "scale_cuda", "scale_opencl", "scale_qsv", "scale_vaapi", "tonemap_cuda", "tonemap_opencl", "tonemap_vaapi", "vpp_qsv", "yadif_cuda", "zscale", "alphasrc"]
[2023-06-03 13:25:08.855 +00:00] [INF] [1] MediaBrowser.MediaEncoding.Encoder.MediaEncoder: Available hwaccel types: ["cuda", "vaapi", "qsv", "drm", "opencl", "vulkan"]
[2023-06-03 13:25:08.994 +00:00] [INF] [1] MediaBrowser.MediaEncoding.Encoder.MediaEncoder: FFmpeg: "/usr/lib/jellyfin-ffmpeg/ffmpeg"
[2023-06-03 13:25:08.995 +00:00] [INF] [1] Emby.Server.Implementations.ApplicationHost: ServerId: "a10e0144fffe4055918ace7695e0d7d7"
[2023-06-03 13:25:09.083 +00:00] [INF] [1] Emby.Server.Implementations.ApplicationHost: Executed all pre-startup entry points in 0:00:00.0771544
[2023-06-03 13:25:09.084 +00:00] [INF] [1] Emby.Server.Implementations.ApplicationHost: Core startup complete
[2023-06-03 13:25:09.231 +00:00] [INF] [10] Emby.Server.Implementations.IO.LibraryMonitor: Watching directory "/media"
[2023-06-03 13:25:09.236 +00:00] [INF] [1] Emby.Server.Implementations.ApplicationHost: Executed all post-startup entry points in 0:00:00.1523545
[2023-06-03 13:25:09.236 +00:00] [INF] [1] Main: Startup complete 0:00:05.0534924
[2023-06-03 13:25:11.479 +00:00] [INF] [15] Emby.Server.Implementations.ScheduledTasks.TaskManager: "StartupTrigger" fired for task: "Mettre à jour les extensions"
[2023-06-03 13:25:11.480 +00:00] [INF] [15] Emby.Server.Implementations.ScheduledTasks.TaskManager: Queuing task "PluginUpdateTask"
[2023-06-03 13:25:11.483 +00:00] [INF] [10] Emby.Server.Implementations.ScheduledTasks.TaskManager: Executing "Mettre à jour les extensions"
[2023-06-03 13:25:12.030 +00:00] [INF] [10] Emby.Server.Implementations.ScheduledTasks.TaskManager: "Mettre à jour les extensions" Completed after 0 minute(s) and 0 seconds
[2023-06-03 13:25:12.037 +00:00] [INF] [10] Emby.Server.Implementations.ScheduledTasks.TaskManager: ExecuteQueuedTasks
[2023-06-03 13:25:15.408 +00:00] [WRN] [21] Jellyfin.Server.Middleware.ResponseTimeMiddleware: Slow HTTP Response from "http://localhost:8096/Sessions/Playing/Progress" to "172.19.0.1" in 0:00:00.7726464 with Status Code 204
[2023-06-03 13:25:34.201 +00:00] [WRN] [10] Microsoft.EntityFrameworkCore.Model.Validation: The entity type '"AccessSchedule"' is configured to use schema '"jellyfin"', but SQLite does not support schemas. This configuration will be ignored by the SQLite provider.
[2023-06-03 13:25:34.201 +00:00] [WRN] [10] Microsoft.EntityFrameworkCore.Model.Validation: The entity type '"ActivityLog"' is configured to use schema '"jellyfin"', but SQLite does not support schemas. This configuration will be ignored by the SQLite provider.
[2023-06-03 13:25:34.201 +00:00] [WRN] [10] Microsoft.EntityFrameworkCore.Model.Validation: The entity type '"CustomItemDisplayPreferences"' is configured to use schema '"jellyfin"', but SQLite does not support schemas. This configuration will be ignored by the SQLite provider.
[2023-06-03 13:25:34.201 +00:00] [WRN] [10] Microsoft.EntityFrameworkCore.Model.Validation: The entity type '"DisplayPreferences"' is configured to use schema '"jellyfin"', but SQLite does not support schemas. This configuration will be ignored by the SQLite provider.
[2023-06-03 13:25:34.201 +00:00] [WRN] [10] Microsoft.EntityFrameworkCore.Model.Validation: The entity type '"HomeSection"' is configured to use schema '"jellyfin"', but SQLite does not support schemas. This configuration will be ignored by the SQLite provider.
[2023-06-03 13:25:34.201 +00:00] [WRN] [10] Microsoft.EntityFrameworkCore.Model.Validation: The entity type '"ImageInfo"' is configured to use schema '"jellyfin"', but SQLite does not support schemas. This configuration will be ignored by the SQLite provider.
[2023-06-03 13:25:34.201 +00:00] [WRN] [10] Microsoft.EntityFrameworkCore.Model.Validation: The entity type '"ItemDisplayPreferences"' is configured to use schema '"jellyfin"', but SQLite does not support schemas. This configuration will be ignored by the SQLite provider.
[2023-06-03 13:25:34.201 +00:00] [WRN] [10] Microsoft.EntityFrameworkCore.Model.Validation: The entity type '"Permission"' is configured to use schema '"jellyfin"', but SQLite does not support schemas. This configuration will be ignored by the SQLite provider.
[2023-06-03 13:25:34.201 +00:00] [WRN] [10] Microsoft.EntityFrameworkCore.Model.Validation: The entity type '"Preference"' is configured to use schema '"jellyfin"', but SQLite does not support schemas. This configuration will be ignored by the SQLite provider.
[2023-06-03 13:25:34.201 +00:00] [WRN] [10] Microsoft.EntityFrameworkCore.Model.Validation: The entity type '"ApiKey"' is configured to use schema '"jellyfin"', but SQLite does not support schemas. This configuration will be ignored by the SQLite provider.
[2023-06-03 13:25:34.201 +00:00] [WRN] [10] Microsoft.EntityFrameworkCore.Model.Validation: The entity type '"Device"' is configured to use schema '"jellyfin"', but SQLite does not support schemas. This configuration will be ignored by the SQLite provider.
[2023-06-03 13:25:34.201 +00:00] [WRN] [10] Microsoft.EntityFrameworkCore.Model.Validation: The entity type '"DeviceOptions"' is configured to use schema '"jellyfin"', but SQLite does not support schemas. This configuration will be ignored by the SQLite provider.
[2023-06-03 13:25:34.201 +00:00] [WRN] [10] Microsoft.EntityFrameworkCore.Model.Validation: The entity type '"User"' is configured to use schema '"jellyfin"', but SQLite does not support schemas. This configuration will be ignored by the SQLite provider.
[2023-06-03 13:57:02.487 +00:00] [INF] [30] Emby.Server.Implementations.HttpServer.WebSocketManager: WS "172.19.0.1" request
[2023-06-03 13:57:06.005 +00:00] [INF] [36] Emby.Server.Implementations.HttpServer.WebSocketManager: WS "172.19.0.1" closed
[2023-06-03 13:57:06.793 +00:00] [INF] [20] Emby.Server.Implementations.HttpServer.WebSocketManager: WS "172.19.0.1" request
[2023-06-03 13:57:53.026 +00:00] [INF] [34] Emby.Server.Implementations.ScheduledTasks.TaskManager: Executing "Refresh Guide"
[2023-06-03 13:57:56.071 +00:00] [INF] [46] Emby.Server.Implementations.LiveTv.LiveTvManager: Refreshing guide with 7 days of guide data
[2023-06-03 13:57:56.080 +00:00] [INF] [46] Emby.Server.Implementations.ScheduledTasks.TaskManager: "Refresh Guide" Completed after 0 minute(s) and 3 seconds
[2023-06-03 13:57:56.080 +00:00] [INF] [46] Emby.Server.Implementations.ScheduledTasks.TaskManager: ExecuteQueuedTasks
[2023-06-03 13:58:14.768 +00:00] [WRN] [36] Jellyfin.Server.Middleware.ResponseTimeMiddleware: Slow HTTP Response from "http://localhost:8096/LiveTv/Tuners/Discover?NewDevicesOnly=true" to "172.19.0.1" in 0:00:03.0146677 with Status Code 200
[2023-06-03 13:58:24.685 +00:00] [WRN] [55] Jellyfin.Server.Middleware.ResponseTimeMiddleware: Slow HTTP Response from "http://localhost:8096/LiveTv/Tuners/Discover?NewDevicesOnly=true" to "172.19.0.1" in 0:00:03.0022035 with Status Code 200
[2023-06-03 13:59:46.605 +00:00] [INF] [3] Emby.Server.Implementations.HttpServer.WebSocketManager: WS "172.19.0.1" closed
[2023-06-03 13:59:47.158 +00:00] [INF] [28] Emby.Server.Implementations.HttpServer.WebSocketManager: WS "172.19.0.1" request
